This is pdfTeX, Version 3.1415926-2.4-1.40.13 (TeX Live 2012/Debian) (format=pdflatex 2013.4.29)  11 DEC 2018 15:31
entering extended mode
 restricted \write18 enabled.
 %&-line parsing enabled.
**OllinTutk.tex
(./OllinTutk.tex
LaTeX2e <2011/06/27>
Babel <v3.8m> and hyphenation patterns for english, dumylang, nohyphenation, et
hiopic, farsi, arabic, pinyin, croatian, bulgarian, ukrainian, russian, slovak,
 czech, danish, dutch, usenglishmax, ukenglish, finnish, french, basque, ngerma
n, german, swissgerman, ngerman-x-2012-05-30, german-x-2012-05-30, monogreek, g
reek, ibycus, ancientgreek, hungarian, bengali, tamil, hindi, telugu, gujarati,
 sanskrit, malayalam, kannada, assamese, marathi, oriya, panjabi, italian, lati
n, latvian, lithuanian, mongolian, mongolianlmc, nynorsk, bokmal, indonesian, e
speranto, coptic, welsh, irish, interlingua, serbian, serbianc, slovenian, friu
lan, romansh, estonian, romanian, armenian, uppersorbian, turkish, afrikaans, i
celandic, kurmanji, polish, portuguese, galician, catalan, spanish, swedish, uk
english, loaded.
(/usr/share/texlive/texmf-dist/tex/latex/base/report.cls
Document Class: report 2007/10/19 v1.4h Standard LaTeX document class
(/usr/share/texlive/texmf-dist/tex/latex/base/leqno.clo
File: leqno.clo 1998/08/17 v1.1c Standard LaTeX option (left equation numbers)
)
(/usr/share/texlive/texmf-dist/tex/latex/base/size12.clo
File: size12.clo 2007/10/19 v1.4h Standard LaTeX file (size option)
)
\c@part=\count79
\c@chapter=\count80
\c@section=\count81
\c@subsection=\count82
\c@subsubsection=\count83
\c@paragraph=\count84
\c@subparagraph=\count85
\c@figure=\count86
\c@table=\count87
\abovecaptionskip=\skip41
\belowcaptionskip=\skip42
\bibindent=\dimen102
)
(/usr/share/texlive/texmf-dist/tex/latex/base/inputenc.sty
Package: inputenc 2008/03/30 v1.1d Input encoding file
\inpenc@prehook=\toks14
\inpenc@posthook=\toks15

(/usr/share/texlive/texmf-dist/tex/latex/base/ansinew.def
File: ansinew.def 2008/03/30 v1.1d Input encoding file
))
(/usr/share/texlive/texmf-dist/tex/latex/base/fontenc.sty
Package: fontenc 2005/09/27 v1.99g Standard LaTeX package

(/usr/share/texlive/texmf-dist/tex/latex/base/t1enc.def
File: t1enc.def 2005/09/27 v1.99g Standard LaTeX file
LaTeX Font Info:    Redeclaring font encoding T1 on input line 43.
))
(/var/lib/texmf/tex/generic/babel/babel.sty
Package: babel 2008/07/08 v3.8m The Babel package

(/usr/share/texlive/texmf-dist/tex/generic/babel/english.ldf
Language: english 2005/03/30 v3.3o English support from the babel system

(/usr/share/texlive/texmf-dist/tex/generic/babel/babel.def
File: babel.def 2008/07/08 v3.8m Babel common definitions
\babel@savecnt=\count88
\U@D=\dimen103
)
\l@canadian = a dialect from \language\l@american 
\l@australian = a dialect from \language\l@british 
\l@newzealand = a dialect from \language\l@british 
))
(/usr/share/texlive/texmf-dist/tex/latex/amscls/amsthm.sty
Package: amsthm 2009/07/02 v2.20.1
\thm@style=\toks16
\thm@bodyfont=\toks17
\thm@headfont=\toks18
\thm@notefont=\toks19
\thm@headpunct=\toks20
\thm@preskip=\skip43
\thm@postskip=\skip44
\thm@headsep=\skip45
\dth@everypar=\toks21
)
(/usr/share/texlive/texmf-dist/tex/latex/amsfonts/amsfonts.sty
Package: amsfonts 2009/06/22 v3.00 Basic AMSFonts support
\@emptytoks=\toks22
\symAMSa=\mathgroup4
\symAMSb=\mathgroup5
LaTeX Font Info:    Overwriting math alphabet `\mathfrak' in version `bold'
(Font)                  U/euf/m/n --> U/euf/b/n on input line 96.
)
(/usr/share/texlive/texmf-dist/tex/latex/amsmath/amsmath.sty
Package: amsmath 2000/07/18 v2.13 AMS math features
\@mathmargin=\skip46

For additional information on amsmath, use the `?' option.
(/usr/share/texlive/texmf-dist/tex/latex/amsmath/amstext.sty
Package: amstext 2000/06/29 v2.01

(/usr/share/texlive/texmf-dist/tex/latex/amsmath/amsgen.sty
File: amsgen.sty 1999/11/30 v2.0
\@emptytoks=\toks23
\ex@=\dimen104
))
(/usr/share/texlive/texmf-dist/tex/latex/amsmath/amsbsy.sty
Package: amsbsy 1999/11/29 v1.2d
\pmbraise@=\dimen105
)
(/usr/share/texlive/texmf-dist/tex/latex/amsmath/amsopn.sty
Package: amsopn 1999/12/14 v2.01 operator names
)
\inf@bad=\count89
LaTeX Info: Redefining \frac on input line 211.
\uproot@=\count90
\leftroot@=\count91
LaTeX Info: Redefining \overline on input line 307.
\classnum@=\count92
\DOTSCASE@=\count93
LaTeX Info: Redefining \ldots on input line 379.
LaTeX Info: Redefining \dots on input line 382.
LaTeX Info: Redefining \cdots on input line 467.
\Mathstrutbox@=\box26
\strutbox@=\box27
\big@size=\dimen106
LaTeX Font Info:    Redeclaring font encoding OML on input line 567.
LaTeX Font Info:    Redeclaring font encoding OMS on input line 568.
\macc@depth=\count94
\c@MaxMatrixCols=\count95
\dotsspace@=\muskip10
\c@parentequation=\count96
\dspbrk@lvl=\count97
\tag@help=\toks24
\row@=\count98
\column@=\count99
\maxfields@=\count100
\andhelp@=\toks25
\eqnshift@=\dimen107
\alignsep@=\dimen108
\tagshift@=\dimen109
\tagwidth@=\dimen110
\totwidth@=\dimen111
\lineht@=\dimen112
\@envbody=\toks26
\multlinegap=\skip47
\multlinetaggap=\skip48
\mathdisplay@stack=\toks27
LaTeX Info: Redefining \[ on input line 2666.
LaTeX Info: Redefining \] on input line 2667.
)
(/usr/share/texlive/texmf-dist/tex/latex/amsfonts/amssymb.sty
Package: amssymb 2009/06/22 v3.00
)
(/usr/share/texlive/texmf-dist/tex/latex/chemmacros/chemformula.sty
(/usr/share/texlive/texmf-dist/tex/latex/l3kernel/expl3.sty
(/usr/share/texlive/texmf-dist/tex/latex/l3kernel/l3names.sty
(/usr/share/texlive/texmf-dist/tex/latex/l3kernel/l3bootstrap.sty
Package: l3bootstrap 2011/12/29 v3110 L3 Experimental bootstrap code
)
Package: l3names 2012/03/04 v3494 L3 Experimental namespace for primitives
)
(/usr/share/texlive/texmf-dist/tex/latex/etex-pkg/etex.sty
Package: etex 1998/03/26 v2.0 eTeX basic definition package (PEB)
\et@xins=\count101
)
Package: expl3 2012/04/23 v3570 L3 Experimental code bundle wrapper

(/usr/share/texlive/texmf-dist/tex/latex/graphics/color.sty
Package: color 2005/11/14 v1.0j Standard LaTeX Color (DPC)

(/usr/share/texlive/texmf-dist/tex/latex/latexconfig/color.cfg
File: color.cfg 2007/01/18 v1.5 color configuration of teTeX/TeXLive
)
Package color Info: Driver file: pdftex.def on input line 130.

(/usr/share/texlive/texmf-dist/tex/latex/pdftex-def/pdftex.def
File: pdftex.def 2011/05/27 v0.06d Graphics/color for pdfTeX

(/usr/share/texlive/texmf-dist/tex/generic/oberdiek/infwarerr.sty
Package: infwarerr 2010/04/08 v1.3 Providing info/warning/error messages (HO)
)
(/usr/share/texlive/texmf-dist/tex/generic/oberdiek/ltxcmds.sty
Package: ltxcmds 2011/11/09 v1.22 LaTeX kernel commands for general use (HO)
)
\Gread@gobject=\count102
))
(/usr/share/texlive/texmf-dist/tex/latex/graphics/graphics.sty
Package: graphics 2009/02/05 v1.0o Standard LaTeX Graphics (DPC,SPQR)

(/usr/share/texlive/texmf-dist/tex/latex/graphics/trig.sty
Package: trig 1999/03/16 v1.09 sin cos tan (DPC)
)
(/usr/share/texlive/texmf-dist/tex/latex/latexconfig/graphics.cfg
File: graphics.cfg 2010/04/23 v1.9 graphics configuration of TeX Live
)
Package graphics Info: Driver file: pdftex.def on input line 91.
)
(/usr/share/texlive/texmf-dist/tex/latex/l3kernel/l3basics.sty
Package: l3basics 2012/03/04 v3491 L3 Experimental basic definitions
)
(/usr/share/texlive/texmf-dist/tex/latex/l3kernel/l3expan.sty
Package: l3expan 2012/02/26 v3460 L3 Experimental argument expansion
)
(/usr/share/texlive/texmf-dist/tex/latex/l3kernel/l3tl.sty
Package: l3tl 2012/03/04 v3490 L3 Experimental token lists
)
(/usr/share/texlive/texmf-dist/tex/latex/l3kernel/l3seq.sty
Package: l3seq 2012/03/04 v3490 L3 Experimental sequences and stacks
)
(/usr/share/texlive/texmf-dist/tex/latex/l3kernel/l3int.sty
Package: l3int 2012/03/04 v3490 L3 Experimental integers
\c_max_int=\count103
\l_tmpa_int=\count104
\l_tmpb_int=\count105
\l_tmpc_int=\count106
\g_tmpa_int=\count107
\g_tmpb_int=\count108
)
(/usr/share/texlive/texmf-dist/tex/latex/l3kernel/l3quark.sty
Package: l3quark 2012/02/12 v3384 L3 Experimental quarks
)
(/usr/share/texlive/texmf-dist/tex/latex/l3kernel/l3prg.sty
Package: l3prg 2012/03/04 v3490 L3 Experimental control structures
\g_prg_map_int=\count109
)
(/usr/share/texlive/texmf-dist/tex/latex/l3kernel/l3clist.sty
Package: l3clist 2012/03/04 v3490 L3 Experimental comma separated lists
)
(/usr/share/texlive/texmf-dist/tex/latex/l3kernel/l3token.sty
Package: l3token 2012/03/04 v3491 L3 Experimental token manipulation
)
(/usr/share/texlive/texmf-dist/tex/latex/l3kernel/l3prop.sty
Package: l3prop 2012/03/04 v3490 L3 Experimental property lists
)
(/usr/share/texlive/texmf-dist/tex/latex/l3kernel/l3msg.sty
Package: l3msg 2012/04/23 v3568 L3 Experimental messages
)
(/usr/share/texlive/texmf-dist/tex/latex/l3kernel/l3file.sty
Package: l3file 2012/03/09 v3520 L3 Experimental file and I/O operations
\l_iow_stream_int=\count110
\l_iow_line_length_int=\count111
\l_iow_target_length_int=\count112
\l_iow_current_line_int=\count113
\l_iow_current_word_int=\count114
\l_iow_current_indentation_int=\count115
)
(/usr/share/texlive/texmf-dist/tex/latex/l3kernel/l3skip.sty
Package: l3skip 2012/03/05 v3499 L3 Experimental dimensions and skips
\l_tmpa_dim=\dimen113
\l_tmpb_dim=\dimen114
\l_tmpc_dim=\dimen115
\g_tmpa_dim=\dimen116
\g_tmpb_dim=\dimen117
\l_tmpa_skip=\skip49
\l_tmpb_skip=\skip50
\l_tmpc_skip=\skip51
\g_tmpa_skip=\skip52
\g_tmpb_skip=\skip53
)
(/usr/share/texlive/texmf-dist/tex/latex/l3kernel/l3keys.sty
Package: l3keys 2012/03/03 v3487 L3 Experimental key-value interfaces
\g_keyval_level_int=\count116
\l_keys_choice_int=\count117
)
(/usr/share/texlive/texmf-dist/tex/latex/l3kernel/l3fp.sty
Package: l3fp 2012/03/04 v3490 L3 Experimental floating-point operations
\c_one_million=\count118
\c_one_hundred_million=\count119
\c_five_hundred_million=\count120
\c_one_thousand_million=\count121
\c_fp_pi_by_four_decimal_int=\count122
\c_fp_pi_by_four_extended_int=\count123
\c_fp_pi_decimal_int=\count124
\c_fp_pi_extended_int=\count125
\c_fp_two_pi_decimal_int=\count126
\c_fp_two_pi_extended_int=\count127
\l_fp_count_int=\count128
\l_fp_div_offset_int=\count129
\l_fp_exp_integer_int=\count130
\l_fp_exp_decimal_int=\count131
\l_fp_exp_extended_int=\count132
\l_fp_exp_exponent_int=\count133
\l_fp_input_a_sign_int=\count134
\l_fp_input_a_integer_int=\count135
\l_fp_input_a_decimal_int=\count136
\l_fp_input_a_exponent_int=\count137
\l_fp_input_b_sign_int=\count138
\l_fp_input_b_integer_int=\count139
\l_fp_input_b_decimal_int=\count140
\l_fp_input_b_exponent_int=\count141
\l_fp_input_a_extended_int=\count142
\l_fp_input_b_extended_int=\count143
\l_fp_mul_a_i_int=\count144
\l_fp_mul_a_ii_int=\count145
\l_fp_mul_a_iii_int=\count146
\l_fp_mul_a_iv_int=\count147
\l_fp_mul_a_v_int=\count148
\l_fp_mul_a_vi_int=\count149
\l_fp_mul_b_i_int=\count150
\l_fp_mul_b_ii_int=\count151
\l_fp_mul_b_iii_int=\count152
\l_fp_mul_b_iv_int=\count153
\l_fp_mul_b_v_int=\count154
\l_fp_mul_b_vi_int=\count155
\l_fp_mul_output_int=\count156
\l_fp_output_sign_int=\count157
\l_fp_output_integer_int=\count158
\l_fp_output_decimal_int=\count159
\l_fp_output_exponent_int=\count160
\l_fp_output_extended_int=\count161
\l_fp_round_position_int=\count162
\l_fp_round_target_int=\count163
\l_fp_split_sign_int=\count164
\l_fp_internal_int=\count165
\l_fp_trig_octant_int=\count166
\l_fp_trig_sign_int=\count167
\l_fp_trig_decimal_int=\count168
\l_fp_trig_extended_int=\count169
\l_fp_internal_dim=\dimen118
\l_fp_internal_skip=\skip54
)
(/usr/share/texlive/texmf-dist/tex/latex/l3kernel/l3box.sty
Package: l3box 2012/03/04 v3490 L3 Experimental boxes
\l_tmpb_box=\box28
\l_box_top_dim=\dimen119
\l_box_bottom_dim=\dimen120
\l_box_left_dim=\dimen121
\l_box_right_dim=\dimen122
\l_box_top_new_dim=\dimen123
\l_box_bottom_new_dim=\dimen124
\l_box_left_new_dim=\dimen125
\l_box_right_new_dim=\dimen126
\l_box_internal_box=\box29
)
(/usr/share/texlive/texmf-dist/tex/latex/l3kernel/l3coffins.sty
Package: l3coffins 2012/03/03 v3482 L3 Experimental coffin code layer
\l_coffin_internal_box=\box30
\l_coffin_internal_dim=\dimen127
\l_coffin_offset_x_dim=\dimen128
\l_coffin_offset_y_dim=\dimen129
\l_coffin_x_dim=\dimen130
\l_coffin_y_dim=\dimen131
\l_coffin_x_prime_dim=\dimen132
\l_coffin_y_prime_dim=\dimen133
\l_coffin_Depth_dim=\dimen134
\l_coffin_Height_dim=\dimen135
\l_coffin_TotalHeight_dim=\dimen136
\l_coffin_Width_dim=\dimen137
\c_empty_coffin=\box31
\l_coffin_aligned_coffin=\box32
\l_coffin_aligned_internal_coffin=\box33
\l_coffin_bounding_shift_dim=\dimen138
\l_coffin_left_corner_dim=\dimen139
\l_coffin_right_corner_dim=\dimen140
\l_coffin_bottom_corner_dim=\dimen141
\l_coffin_top_corner_dim=\dimen142
\l_coffin_scaled_total_height_dim=\dimen143
\l_coffin_scaled_width_dim=\dimen144
\l_coffin_display_coffin=\box34
\l_coffin_display_coord_coffin=\box35
\l_coffin_display_pole_coffin=\box36
\l_coffin_display_offset_dim=\dimen145
\l_coffin_display_x_dim=\dimen146
\l_coffin_display_y_dim=\dimen147
)
(/usr/share/texlive/texmf-dist/tex/latex/l3kernel/l3color.sty
Package: l3color 2011/09/07 v2776 L3 Experimental colour support
)
(/usr/share/texlive/texmf-dist/tex/latex/l3kernel/l3luatex.sty
Package: l3luatex 2012/02/09 v3355 L3 Experimental LuaTeX-specific functions
\g_cctab_allocate_int=\count170
\g_cctab_stack_int=\count171
))
Package: chemformula 2012/05/18 v3.3b typeset chemical compounds and reactions

*************************************************
* chemformula warning: "explicit"
* 
* It seems you've loaded `chemformula' explicitly.
*************************************************
(/usr/share/texlive/texmf-dist/tex/latex/chemmacros/chemmacros.sty
(/usr/share/texlive/texmf-dist/tex/latex/l3packages/xparse/xparse.sty
Package: xparse 2012/04/23 v3570 L3 Experimental document command parser
\l_xparse_current_arg_int=\count172
\l_xparse_m_args_int=\count173
\l_xparse_mandatory_args_int=\count174
\l_xparse_processor_int=\count175
\l_xparse_v_nesting_int=\count176
)
(/usr/share/texlive/texmf-dist/tex/latex/l3packages/l3keys2e/l3keys2e.sty
Package: l3keys2e 2012/04/23 v3570 LaTeX2e option processing using LaTeX3 keys
)
(/usr/share/texlive/texmf-dist/tex/latex/l3packages/xfrac/xfrac.sty
(/usr/share/texlive/texmf-dist/tex/latex/graphics/graphicx.sty
Package: graphicx 1999/02/16 v1.0f Enhanced LaTeX Graphics (DPC,SPQR)

(/usr/share/texlive/texmf-dist/tex/latex/graphics/keyval.sty
Package: keyval 1999/03/16 v1.13 key=value parser (DPC)
\KV@toks@=\toks28
)
\Gin@req@height=\dimen148
\Gin@req@width=\dimen149
)
(/usr/share/texlive/texmf-dist/tex/latex/base/textcomp.sty
Package: textcomp 2005/09/27 v1.99g Standard LaTeX package
Package textcomp Info: Sub-encoding information:
(textcomp)               5 = only ISO-Adobe without \textcurrency
(textcomp)               4 = 5 + \texteuro
(textcomp)               3 = 4 + \textohm
(textcomp)               2 = 3 + \textestimated + \textcurrency
(textcomp)               1 = TS1 - \textcircled - \t
(textcomp)               0 = TS1 (full)
(textcomp)             Font families with sub-encoding setting implement
(textcomp)             only a restricted character set as indicated.
(textcomp)             Family '?' is the default used for unknown fonts.
(textcomp)             See the documentation for details.
Package textcomp Info: Setting ? sub-encoding to TS1/1 on input line 71.

(/usr/share/texlive/texmf-dist/tex/latex/base/ts1enc.def
File: ts1enc.def 2001/06/05 v3.0e (jk/car/fm) Standard LaTeX file
)
LaTeX Info: Redefining \oldstylenums on input line 266.
Package textcomp Info: Setting cmr sub-encoding to TS1/0 on input line 281.
Package textcomp Info: Setting cmss sub-encoding to TS1/0 on input line 282.
Package textcomp Info: Setting cmtt sub-encoding to TS1/0 on input line 283.
Package textcomp Info: Setting cmvtt sub-encoding to TS1/0 on input line 284.
Package textcomp Info: Setting cmbr sub-encoding to TS1/0 on input line 285.
Package textcomp Info: Setting cmtl sub-encoding to TS1/0 on input line 286.
Package textcomp Info: Setting ccr sub-encoding to TS1/0 on input line 287.
Package textcomp Info: Setting ptm sub-encoding to TS1/4 on input line 288.
Package textcomp Info: Setting pcr sub-encoding to TS1/4 on input line 289.
Package textcomp Info: Setting phv sub-encoding to TS1/4 on input line 290.
Package textcomp Info: Setting ppl sub-encoding to TS1/3 on input line 291.
Package textcomp Info: Setting pag sub-encoding to TS1/4 on input line 292.
Package textcomp Info: Setting pbk sub-encoding to TS1/4 on input line 293.
Package textcomp Info: Setting pnc sub-encoding to TS1/4 on input line 294.
Package textcomp Info: Setting pzc sub-encoding to TS1/4 on input line 295.
Package textcomp Info: Setting bch sub-encoding to TS1/4 on input line 296.
Package textcomp Info: Setting put sub-encoding to TS1/5 on input line 297.
Package textcomp Info: Setting uag sub-encoding to TS1/5 on input line 298.
Package textcomp Info: Setting ugq sub-encoding to TS1/5 on input line 299.
Package textcomp Info: Setting ul8 sub-encoding to TS1/4 on input line 300.
Package textcomp Info: Setting ul9 sub-encoding to TS1/4 on input line 301.
Package textcomp Info: Setting augie sub-encoding to TS1/5 on input line 302.
Package textcomp Info: Setting dayrom sub-encoding to TS1/3 on input line 303.
Package textcomp Info: Setting dayroms sub-encoding to TS1/3 on input line 304.

Package textcomp Info: Setting pxr sub-encoding to TS1/0 on input line 305.
Package textcomp Info: Setting pxss sub-encoding to TS1/0 on input line 306.
Package textcomp Info: Setting pxtt sub-encoding to TS1/0 on input line 307.
Package textcomp Info: Setting txr sub-encoding to TS1/0 on input line 308.
Package textcomp Info: Setting txss sub-encoding to TS1/0 on input line 309.
Package textcomp Info: Setting txtt sub-encoding to TS1/0 on input line 310.
Package textcomp Info: Setting lmr sub-encoding to TS1/0 on input line 311.
Package textcomp Info: Setting lmdh sub-encoding to TS1/0 on input line 312.
Package textcomp Info: Setting lmss sub-encoding to TS1/0 on input line 313.
Package textcomp Info: Setting lmssq sub-encoding to TS1/0 on input line 314.
Package textcomp Info: Setting lmvtt sub-encoding to TS1/0 on input line 315.
Package textcomp Info: Setting qhv sub-encoding to TS1/0 on input line 316.
Package textcomp Info: Setting qag sub-encoding to TS1/0 on input line 317.
Package textcomp Info: Setting qbk sub-encoding to TS1/0 on input line 318.
Package textcomp Info: Setting qcr sub-encoding to TS1/0 on input line 319.
Package textcomp Info: Setting qcs sub-encoding to TS1/0 on input line 320.
Package textcomp Info: Setting qpl sub-encoding to TS1/0 on input line 321.
Package textcomp Info: Setting qtm sub-encoding to TS1/0 on input line 322.
Package textcomp Info: Setting qzc sub-encoding to TS1/0 on input line 323.
Package textcomp Info: Setting qhvc sub-encoding to TS1/0 on input line 324.
Package textcomp Info: Setting futs sub-encoding to TS1/4 on input line 325.
Package textcomp Info: Setting futx sub-encoding to TS1/4 on input line 326.
Package textcomp Info: Setting futj sub-encoding to TS1/4 on input line 327.
Package textcomp Info: Setting hlh sub-encoding to TS1/3 on input line 328.
Package textcomp Info: Setting hls sub-encoding to TS1/3 on input line 329.
Package textcomp Info: Setting hlst sub-encoding to TS1/3 on input line 330.
Package textcomp Info: Setting hlct sub-encoding to TS1/5 on input line 331.
Package textcomp Info: Setting hlx sub-encoding to TS1/5 on input line 332.
Package textcomp Info: Setting hlce sub-encoding to TS1/5 on input line 333.
Package textcomp Info: Setting hlcn sub-encoding to TS1/5 on input line 334.
Package textcomp Info: Setting hlcw sub-encoding to TS1/5 on input line 335.
Package textcomp Info: Setting hlcf sub-encoding to TS1/5 on input line 336.
Package textcomp Info: Setting pplx sub-encoding to TS1/3 on input line 337.
Package textcomp Info: Setting pplj sub-encoding to TS1/3 on input line 338.
Package textcomp Info: Setting ptmx sub-encoding to TS1/4 on input line 339.
Package textcomp Info: Setting ptmj sub-encoding to TS1/4 on input line 340.
)
(/usr/share/texlive/texmf-dist/tex/latex/l3packages/xtemplate/xtemplate.sty
Package: xtemplate 2012/04/23 v3570 L3 Experimental prototype document function
s
\l_xtemplate_tmp_dim=\dimen150
\l_xtemplate_tmp_int=\count177
\l_xtemplate_tmp_muskip=\muskip11
\l_xtemplate_tmp_skip=\skip55
Variant \prop_get:NoNTF already defined; not changing it on line 105
Variant \prop_get:NoNT already defined; not changing it on line 106
Variant \prop_get:NoNF already defined; not changing it on line 107
)
Package: xfrac 2012/02/26 v3465 L3 Experimental split-level fractions
\l_xfrac_slash_box=\box37
\l_xfrac_tmp_box=\box38
\l_xfrac_denominator_bot_sep_dim=\dimen151
\l_xfrac_numerator_bot_sep_dim=\dimen152
\l_xfrac_numerator_top_sep_dim=\dimen153
\l_xfrac_slash_left_sep_dim=\dimen154
\l_xfrac_slash_right_sep_dim=\dimen155
\l_xfrac_slash_left_muskip=\muskip12
\l_xfrac_slash_right_muskip=\muskip13
.................................................
. xtemplate info: "declare-object-type"
. 
. Declaring object type 'xfrac' taking 3 argument(s) on line 96.
.................................................
.................................................
. LaTeX info: "xparse/define-command"
. 
. Defining document command \sfrac with arg. spec. 'omom' on line 436.
.................................................
)
(/usr/share/texlive/texmf-dist/tex/latex/siunitx/siunitx.sty
Package: siunitx 2012/05/03 v2.5c A comprehensive (SI) units package

(/usr/share/texlive/texmf-dist/tex/latex/tools/array.sty
Package: array 2008/09/09 v2.4c Tabular extension package (FMi)
\col@sep=\dimen156
\extrarowheight=\dimen157
\NC@list=\toks29
\extratabsurround=\skip56
\backup@length=\skip57
)
\l_siunitx_tmp_box=\box39
\l_siunitx_tmp_dim=\dimen158
\l_siunitx_tmp_int=\count178
Variant \prop_get:NVNT already defined; not changing it on line 360
Variant \prop_get:NVNF already defined; not changing it on line 361
Variant \prop_get:NVNTF already defined; not changing it on line 362
\l_siunitx_number_mantissa_length_int=\count179
\l_siunitx_number_uncert_length_int=\count180
\l_siunitx_round_int=\count181
\l_siunitx_process_decimal_int=\count182
\l_siunitx_process_uncertainty_int=\count183
\l_siunitx_process_fixed_int=\count184
\l_siunitx_process_integer_min_int=\count185
\l_siunitx_process_precision_int=\count186
\l_siunitx_group_min_int=\count187
\l_siunitx_angle_marker_box=\box40
\l_siunitx_angle_unit_box=\box41
\l_siunitx_angle_marker_dim=\dimen159
\l_siunitx_angle_unit_dim=\dimen160
\l_siunitx_unit_int=\count188
\l_siunitx_unit_denominator_int=\count189
\l_siunitx_unit_numerator_int=\count190
\l_siunitx_unit_prefix_int=\count191
\l_siunitx_unit_prefix_base_int=\count192
\l_siunitx_unit_prefix_gram_int=\count193
\l_siunitx_number_product_int=\count194
\c_siunitx_one_fill_skip=\skip58
\l_siunitx_table_unit_align_skip=\skip59
\l_siunitx_table_exponent_dim=\dimen161
\l_siunitx_table_integer_dim=\dimen162
\l_siunitx_table_mantissa_dim=\dimen163
\l_siunitx_table_marker_dim=\dimen164
\l_siunitx_table_result_dim=\dimen165
\l_siunitx_table_uncert_dim=\dimen166
\l_siunitx_table_fill_pre_dim=\dimen167
\l_siunitx_table_fill_post_dim=\dimen168
\l_siunitx_table_fill_mid_dim=\dimen169
\l_siunitx_table_pre_box=\box42
\l_siunitx_table_post_box=\box43
\l_siunitx_table_mantissa_box=\box44
\l_siunitx_table_result_box=\box45
\l_siunitx_table_number_align_skip=\skip60
\l_siunitx_table_text_align_skip=\skip61
.................................................
. LaTeX info: "xparse/define-command"
. 
. Defining document command \DeclareBinaryPrefix with arg. spec. 'mmm' on line
. 7037.
.................................................
.................................................
. LaTeX info: "xparse/define-command"
. 
. Defining document command \DeclareSIPostPower with arg. spec. 'mm' on line
. 7040.
.................................................
.................................................
. LaTeX info: "xparse/define-command"
. 
. Defining document command \DeclareSIPrefix with arg. spec. 'mmm' on line
. 7043.
.................................................
.................................................
. LaTeX info: "xparse/define-command"
. 
. Defining document command \DeclareSIPrePower with arg. spec. 'mm' on line
. 7046.
.................................................
.................................................
. LaTeX info: "xparse/define-command"
. 
. Defining document command \DeclareSIQualifier with arg. spec. 'mm' on line
. 7049.
.................................................
.................................................
. LaTeX info: "xparse/define-command"
. 
. Defining document command \DeclareSIUnit with arg. spec. 'O{}mm' on line
. 7052.
.................................................
.................................................
. LaTeX info: "xparse/define-command"
. 
. Defining document command \DeclareSIUnitWithOptions with arg. spec. 'mmm' on
. line 7055.
.................................................
.................................................
. LaTeX info: "xparse/define-command"
. 
. Defining document command \ang with arg. spec. 'o>{\SplitArgument {2}{;}}m'
. on line 7070.
.................................................
.................................................
. LaTeX info: "xparse/define-command"
. 
. Defining document command \num with arg. spec. 'om' on line 7078.
.................................................
.................................................
. LaTeX info: "xparse/define-command"
. 
. Defining document command \numlist with arg. spec. 'o>{\SplitList {;}}m' on
. line 7086.
.................................................
.................................................
. LaTeX info: "xparse/define-command"
. 
. Defining document command \numrange with arg. spec. 'omm' on line 7094.
.................................................
.................................................
. LaTeX info: "xparse/define-command"
. 
. Defining document command \SIlist with arg. spec. 'o>{\SplitList {;}}mm' on
. line 7105.
.................................................
.................................................
. LaTeX info: "xparse/define-command"
. 
. Defining document command \SIrange with arg. spec. 'ommm' on line 7116.
.................................................
.................................................
. LaTeX info: "xparse/define-command"
. 
. Defining document command \SI with arg. spec. 'omom' on line 7127.
.................................................
.................................................
. LaTeX info: "xparse/define-command"
. 
. Defining document command \sisetup with arg. spec. 'm' on line 7130.
.................................................
.................................................
. LaTeX info: "xparse/define-command"
. 
. Defining document command \tablenum with arg. spec. 'om' on line 7142.
.................................................
.................................................
. LaTeX info: "xparse/define-command"
. 
. Defining document command \si with arg. spec. 'om' on line 7153.
.................................................
.................................................
. LaTeX info: "xparse/define-command"
. 
. Defining document command \siunitx_bookmark_num:w with arg. spec. 'om' on
. line 7197.
.................................................
.................................................
. LaTeX info: "xparse/define-command"
. 
. Defining document command \siunitx_bookmark_numrange:w with arg. spec. 'omm'
. on line 7199.
.................................................
.................................................
. LaTeX info: "xparse/define-command"
. 
. Defining document command \siunitx_bookmark_SI:w with arg. spec. 'omom' on
. line 7201.
.................................................
.................................................
. LaTeX info: "xparse/define-command"
. 
. Defining document command \siunitx_bookmark_SIlist:w with arg. spec. 'omm'
. on line 7203.
.................................................
.................................................
. LaTeX info: "xparse/define-command"
. 
. Defining document command \siunitx_bookmark_SIrange:w with arg. spec. 'ommm'
. on line 7205.
.................................................
.................................................
. LaTeX info: "xparse/define-command"
. 
. Defining document command \siunitx_bookmark_si:w with arg. spec. 'om' on
. line 7206.
.................................................
\g_ior_internal_ior=\read1

(/usr/share/texmf/tex/latex/beamer/base/translator/translator.sty
Package: translator 2010/06/12 ver 1.10

(/usr/share/texmf/tex/latex/beamer/base/translator/translator-language-mappings
.tex))) (/usr/share/texmf/tex/latex/pgf/frontendlayer/tikz.sty
(/usr/share/texmf/tex/latex/pgf/basiclayer/pgf.sty
(/usr/share/texmf/tex/latex/pgf/utilities/pgfrcs.sty
(/usr/share/texmf/tex/generic/pgf/utilities/pgfutil-common.tex
\pgfutil@everybye=\toks30
)
(/usr/share/texmf/tex/generic/pgf/utilities/pgfutil-latex.def
\pgfutil@abb=\box46

(/usr/share/texlive/texmf-dist/tex/latex/ms/everyshi.sty
Package: everyshi 2001/05/15 v3.00 EveryShipout Package (MS)
))
(/usr/share/texmf/tex/generic/pgf/utilities/pgfrcs.code.tex
Package: pgfrcs 2010/10/25 v2.10 (rcs-revision 1.24)
))
Package: pgf 2008/01/15 v2.10 (rcs-revision 1.12)

(/usr/share/texmf/tex/latex/pgf/basiclayer/pgfcore.sty
(/usr/share/texmf/tex/latex/pgf/systemlayer/pgfsys.sty
(/usr/share/texmf/tex/generic/pgf/systemlayer/pgfsys.code.tex
Package: pgfsys 2010/06/30 v2.10 (rcs-revision 1.37)

(/usr/share/texmf/tex/generic/pgf/utilities/pgfkeys.code.tex
\pgfkeys@pathtoks=\toks31
\pgfkeys@temptoks=\toks32

(/usr/share/texmf/tex/generic/pgf/utilities/pgfkeysfiltered.code.tex
\pgfkeys@tmptoks=\toks33
))
\pgf@x=\dimen170
\pgf@y=\dimen171
\pgf@xa=\dimen172
\pgf@ya=\dimen173
\pgf@xb=\dimen174
\pgf@yb=\dimen175
\pgf@xc=\dimen176
\pgf@yc=\dimen177
\w@pgf@writea=\write3
\r@pgf@reada=\read2
\c@pgf@counta=\count195
\c@pgf@countb=\count196
\c@pgf@countc=\count197
\c@pgf@countd=\count198

(/usr/share/texmf/tex/generic/pgf/systemlayer/pgf.cfg
File: pgf.cfg 2008/05/14  (rcs-revision 1.7)
)
Package pgfsys Info: Driver file for pgf: pgfsys-pdftex.def on input line 900.

(/usr/share/texmf/tex/generic/pgf/systemlayer/pgfsys-pdftex.def
File: pgfsys-pdftex.def 2009/05/22  (rcs-revision 1.26)

(/usr/share/texmf/tex/generic/pgf/systemlayer/pgfsys-common-pdf.def
File: pgfsys-common-pdf.def 2008/05/19  (rcs-revision 1.10)
)))
(/usr/share/texmf/tex/generic/pgf/systemlayer/pgfsyssoftpath.code.tex
File: pgfsyssoftpath.code.tex 2008/07/18  (rcs-revision 1.7)
\pgfsyssoftpath@smallbuffer@items=\count199
\pgfsyssoftpath@bigbuffer@items=\count200
)
(/usr/share/texmf/tex/generic/pgf/systemlayer/pgfsysprotocol.code.tex
File: pgfsysprotocol.code.tex 2006/10/16  (rcs-revision 1.4)
))
(/usr/share/texmf/tex/latex/xcolor/xcolor.sty
Package: xcolor 2007/01/21 v2.11 LaTeX color extensions (UK)

(/usr/share/texlive/texmf-dist/tex/latex/latexconfig/color.cfg
File: color.cfg 2007/01/18 v1.5 color configuration of teTeX/TeXLive
)
Package xcolor Info: Driver file: pdftex.def on input line 225.
LaTeX Info: Redefining \color on input line 702.
Package xcolor Info: Model `cmy' substituted by `cmy0' on input line 1337.
Package xcolor Info: Model `hsb' substituted by `rgb' on input line 1341.
Package xcolor Info: Model `RGB' extended on input line 1353.
Package xcolor Info: Model `HTML' substituted by `rgb' on input line 1355.
Package xcolor Info: Model `Hsb' substituted by `hsb' on input line 1356.
Package xcolor Info: Model `tHsb' substituted by `hsb' on input line 1357.
Package xcolor Info: Model `HSB' substituted by `hsb' on input line 1358.
Package xcolor Info: Model `Gray' substituted by `gray' on input line 1359.
Package xcolor Info: Model `wave' substituted by `hsb' on input line 1360.
)
(/usr/share/texmf/tex/generic/pgf/basiclayer/pgfcore.code.tex
Package: pgfcore 2010/04/11 v2.10 (rcs-revision 1.7)

(/usr/share/texmf/tex/generic/pgf/math/pgfmath.code.tex
(/usr/share/texmf/tex/generic/pgf/math/pgfmathcalc.code.tex
(/usr/share/texmf/tex/generic/pgf/math/pgfmathutil.code.tex)
(/usr/share/texmf/tex/generic/pgf/math/pgfmathparser.code.tex
\pgfmath@dimen=\dimen178
\pgfmath@count=\count201
\pgfmath@box=\box47
\pgfmath@toks=\toks34
\pgfmath@stack@operand=\toks35
\pgfmath@stack@operation=\toks36
)
(/usr/share/texmf/tex/generic/pgf/math/pgfmathfunctions.code.tex
(/usr/share/texmf/tex/generic/pgf/math/pgfmathfunctions.basic.code.tex)
(/usr/share/texmf/tex/generic/pgf/math/pgfmathfunctions.trigonometric.code.tex)
(/usr/share/texmf/tex/generic/pgf/math/pgfmathfunctions.random.code.tex)
(/usr/share/texmf/tex/generic/pgf/math/pgfmathfunctions.comparison.code.tex)
(/usr/share/texmf/tex/generic/pgf/math/pgfmathfunctions.base.code.tex)
(/usr/share/texmf/tex/generic/pgf/math/pgfmathfunctions.round.code.tex)
(/usr/share/texmf/tex/generic/pgf/math/pgfmathfunctions.misc.code.tex)))
(/usr/share/texmf/tex/generic/pgf/math/pgfmathfloat.code.tex
Normal \count register pool exhausted, switching to extended pool.
\c@pgfmathroundto@lastzeros=\count277
))
(/usr/share/texmf/tex/generic/pgf/basiclayer/pgfcorepoints.code.tex
File: pgfcorepoints.code.tex 2010/04/09  (rcs-revision 1.20)
\pgf@picminx=\dimen179
\pgf@picmaxx=\dimen180
\pgf@picminy=\dimen181
\pgf@picmaxy=\dimen182
\pgf@pathminx=\dimen183
\pgf@pathmaxx=\dimen184
\pgf@pathminy=\dimen185
\pgf@pathmaxy=\dimen186
\pgf@xx=\dimen187
\pgf@xy=\dimen188
\pgf@yx=\dimen189
\pgf@yy=\dimen190
\pgf@zx=\dimen191
\pgf@zy=\dimen192
)
(/usr/share/texmf/tex/generic/pgf/basiclayer/pgfcorepathconstruct.code.tex
File: pgfcorepathconstruct.code.tex 2010/08/03  (rcs-revision 1.24)
\pgf@path@lastx=\dimen193
\pgf@path@lasty=\dimen194
)
(/usr/share/texmf/tex/generic/pgf/basiclayer/pgfcorepathusage.code.tex
File: pgfcorepathusage.code.tex 2008/04/22  (rcs-revision 1.12)
\pgf@shorten@end@additional=\dimen195
\pgf@shorten@start@additional=\dimen196
)
(/usr/share/texmf/tex/generic/pgf/basiclayer/pgfcorescopes.code.tex
File: pgfcorescopes.code.tex 2010/09/08  (rcs-revision 1.34)
\pgfpic=\box48
\pgf@hbox=\box49
\pgf@layerbox@main=\box50
\pgf@picture@serial@count=\count278
)
(/usr/share/texmf/tex/generic/pgf/basiclayer/pgfcoregraphicstate.code.tex
File: pgfcoregraphicstate.code.tex 2008/04/22  (rcs-revision 1.9)
\pgflinewidth=\dimen197
)
(/usr/share/texmf/tex/generic/pgf/basiclayer/pgfcoretransformations.code.tex
File: pgfcoretransformations.code.tex 2009/06/10  (rcs-revision 1.11)
\pgf@pt@x=\dimen198
\pgf@pt@y=\dimen199
\pgf@pt@temp=\dimen200
)
(/usr/share/texmf/tex/generic/pgf/basiclayer/pgfcorequick.code.tex
File: pgfcorequick.code.tex 2008/10/09  (rcs-revision 1.3)
)
(/usr/share/texmf/tex/generic/pgf/basiclayer/pgfcoreobjects.code.tex
File: pgfcoreobjects.code.tex 2006/10/11  (rcs-revision 1.2)
)
(/usr/share/texmf/tex/generic/pgf/basiclayer/pgfcorepathprocessing.code.tex
File: pgfcorepathprocessing.code.tex 2008/10/09  (rcs-revision 1.8)
)
(/usr/share/texmf/tex/generic/pgf/basiclayer/pgfcorearrows.code.tex
File: pgfcorearrows.code.tex 2008/04/23  (rcs-revision 1.11)
)
(/usr/share/texmf/tex/generic/pgf/basiclayer/pgfcoreshade.code.tex
File: pgfcoreshade.code.tex 2008/11/23  (rcs-revision 1.13)
\pgf@max=\dimen201
\pgf@sys@shading@range@num=\count279
)
(/usr/share/texmf/tex/generic/pgf/basiclayer/pgfcoreimage.code.tex
File: pgfcoreimage.code.tex 2010/03/25  (rcs-revision 1.16)

(/usr/share/texmf/tex/generic/pgf/basiclayer/pgfcoreexternal.code.tex
File: pgfcoreexternal.code.tex 2010/09/01  (rcs-revision 1.17)
\pgfexternal@startupbox=\box51
))
(/usr/share/texmf/tex/generic/pgf/basiclayer/pgfcorelayers.code.tex
File: pgfcorelayers.code.tex 2010/08/27  (rcs-revision 1.2)
)
(/usr/share/texmf/tex/generic/pgf/basiclayer/pgfcoretransparency.code.tex
File: pgfcoretransparency.code.tex 2008/01/17  (rcs-revision 1.2)
)
(/usr/share/texmf/tex/generic/pgf/basiclayer/pgfcorepatterns.code.tex
File: pgfcorepatterns.code.tex 2009/07/02  (rcs-revision 1.3)
)))
(/usr/share/texmf/tex/generic/pgf/modules/pgfmoduleshapes.code.tex
File: pgfmoduleshapes.code.tex 2010/09/09  (rcs-revision 1.13)
\pgfnodeparttextbox=\box52
)
(/usr/share/texmf/tex/generic/pgf/modules/pgfmoduleplot.code.tex
File: pgfmoduleplot.code.tex 2010/10/22  (rcs-revision 1.8)
)
(/usr/share/texmf/tex/latex/pgf/compatibility/pgfcomp-version-0-65.sty
Package: pgfcomp-version-0-65 2007/07/03 v2.10 (rcs-revision 1.7)
Normal \dimen register pool exhausted, switching to extended pool.
\pgf@nodesepstart=\dimen256
\pgf@nodesepend=\dimen257
)
(/usr/share/texmf/tex/latex/pgf/compatibility/pgfcomp-version-1-18.sty
Package: pgfcomp-version-1-18 2007/07/23 v2.10 (rcs-revision 1.1)
))
(/usr/share/texmf/tex/latex/pgf/utilities/pgffor.sty
(/usr/share/texmf/tex/latex/pgf/utilities/pgfkeys.sty
(/usr/share/texmf/tex/generic/pgf/utilities/pgfkeys.code.tex))
(/usr/share/texmf/tex/generic/pgf/utilities/pgffor.code.tex
Package: pgffor 2010/03/23 v2.10 (rcs-revision 1.18)
\pgffor@iter=\dimen258
\pgffor@skip=\dimen259
\pgffor@stack=\toks37
\pgffor@toks=\toks38
))
(/usr/share/texmf/tex/generic/pgf/frontendlayer/tikz/tikz.code.tex
Package: tikz 2010/10/13 v2.10 (rcs-revision 1.76)

(/usr/share/texmf/tex/generic/pgf/libraries/pgflibraryplothandlers.code.tex
File: pgflibraryplothandlers.code.tex 2010/05/31 v2.10 (rcs-revision 1.15)
\pgf@plot@mark@count=\count280
\pgfplotmarksize=\dimen260
)
\tikz@lastx=\dimen261
\tikz@lasty=\dimen262
\tikz@lastxsaved=\dimen263
\tikz@lastysaved=\dimen264
\tikzleveldistance=\dimen265
\tikzsiblingdistance=\dimen266
\tikz@figbox=\box53
\tikz@tempbox=\box54
\tikztreelevel=\count281
\tikznumberofchildren=\count282
\tikznumberofcurrentchild=\count283
\tikz@fig@count=\count284

(/usr/share/texmf/tex/generic/pgf/modules/pgfmodulematrix.code.tex
File: pgfmodulematrix.code.tex 2010/08/24  (rcs-revision 1.4)
\pgfmatrixcurrentrow=\count285
\pgfmatrixcurrentcolumn=\count286
\pgf@matrix@numberofcolumns=\count287
)
\tikz@expandcount=\count288

(/usr/share/texmf/tex/generic/pgf/frontendlayer/tikz/libraries/tikzlibrarytopat
hs.code.tex
File: tikzlibrarytopaths.code.tex 2008/06/17 v2.10 (rcs-revision 1.2)
))) (/usr/share/texlive/texmf-dist/tex/latex/mh/mathtools.sty
Package: mathtools 2012/04/24 v1.12 mathematical typesetting tools

(/usr/share/texlive/texmf-dist/tex/latex/tools/calc.sty
Package: calc 2007/08/22 v4.3 Infix arithmetic (KKT,FJ)
\calc@Acount=\count289
\calc@Bcount=\count290
\calc@Adimen=\dimen267
\calc@Bdimen=\dimen268
\calc@Askip=\skip62
\calc@Bskip=\skip63
LaTeX Info: Redefining \setlength on input line 76.
LaTeX Info: Redefining \addtolength on input line 77.
\calc@Ccount=\count291
\calc@Cskip=\skip64
)
(/usr/share/texlive/texmf-dist/tex/latex/mh/mhsetup.sty
Package: mhsetup 2010/01/21 v1.2a programming setup (MH)
)
\g_MT_multlinerow_int=\count292
\l_MT_multwidth_dim=\dimen269
\origjot=\skip65
\l_MT_shortvdotswithinadjustabove_dim=\dimen270
\l_MT_shortvdotswithinadjustbelow_dim=\dimen271
\l_MT_above_intertext_dim=\dimen272
\l_MT_below_intertext_dim=\dimen273
\l_MT_above_shortintertext_dim=\dimen274
\l_MT_below_shortintertext_dim=\dimen275
)
(/usr/share/texlive/texmf-dist/tex/latex/environ/environ.sty
Package: environ 2008/06/18 v0.2 A new way to define environments
)
(/usr/share/texlive/texmf-dist/tex/latex/koma-script/scrlfile.sty
Package: scrlfile 2011/03/09 v3.09 KOMA-Script package (loading files)

Package scrlfile, 2011/03/09 v3.09 KOMA-Script package (loading files)
                  Copyright (C) Markus Kohm

) (/usr/share/texlive/texmf-dist/tex/latex/etoolbox/etoolbox.sty
Package: etoolbox 2011/01/03 v2.1 e-TeX tools for LaTeX
\etb@tempcnta=\count293
)
(/usr/share/texlive/texmf-dist/tex/latex/tools/bm.sty
Package: bm 2004/02/26 v1.1c Bold Symbol Support (DPC/FMi)
\symboldoperators=\mathgroup6
\symboldletters=\mathgroup7
\symboldsymbols=\mathgroup8
LaTeX Font Info:    Redeclaring math alphabet \mathbf on input line 138.
LaTeX Info: Redefining \bm on input line 204.
)
(/usr/share/texmf/tex/generic/pgf/frontendlayer/tikz/libraries/tikzlibrarycalc.
code.tex
File: tikzlibrarycalc.code.tex 2009/09/04 v2.10 (rcs-revision 1.6)
)
(/usr/share/texmf/tex/generic/pgf/frontendlayer/tikz/libraries/tikzlibraryarrow
s.code.tex
File: tikzlibraryarrows.code.tex 2008/01/09 v2.10 (rcs-revision 1.1)

(/usr/share/texmf/tex/generic/pgf/libraries/pgflibraryarrows.code.tex
File: pgflibraryarrows.code.tex 2008/10/27 v2.10 (rcs-revision 1.9)
\arrowsize=\dimen276
))
Package: chemmacros 2012/05/18 v3.3b macros and commands for chemists
.................................................
. LaTeX info: "xparse/define-command"
. 
. Defining document command \DeclareChemParticle with arg. spec. 'mm' on line
. 718.
.................................................
.................................................
. LaTeX info: "xparse/define-command"
. 
. Defining document command \RenewChemParticle with arg. spec. 'mm' on line
. 718.
.................................................
.................................................
. LaTeX info: "xparse/define-command"
. 
. Defining document command \Rad with arg. spec. 'O{}G{}' on line 788.
.................................................
.................................................
. LaTeX info: "xparse/define-command"
. 
. Defining document command \mch with arg. spec. 'o' on line 817.
.................................................
.................................................
. LaTeX info: "xparse/define-command"
. 
. Defining document command \pch with arg. spec. 'o' on line 824.
.................................................
.................................................
. LaTeX info: "xparse/define-command"
. 
. Defining document command \fmch with arg. spec. 'o' on line 831.
.................................................
.................................................
. LaTeX info: "xparse/define-command"
. 
. Defining document command \fpch with arg. spec. 'o' on line 838.
.................................................
.................................................
. LaTeX info: "xparse/define-command"
. 
. Defining document command \chemmacros_Nu:w with arg. spec. 'o' on line 893.
.................................................
.................................................
. LaTeX info: "xparse/define-command"
. 
. Defining document command \ba with arg. spec. 'o' on line 913.
.................................................
.................................................
. LaTeX info: "xparse/define-command"
. 
. Defining document command \DeclareChemIUPAC with arg. spec. 'mm' on line
. 964.
.................................................
.................................................
. LaTeX info: "xparse/define-command"
. 
. Defining document command \RenewChemIUPAC with arg. spec. 'mm' on line 974.
.................................................
.................................................
. LaTeX info: "xparse/define-command"
. 
. Defining document command \cip with arg. spec. 'm' on line 1009.
.................................................
.................................................
. LaTeX info: "xparse/define-command"
. 
. Defining document command \Sconf with arg. spec. 'O{S}' on line 1035.
.................................................
.................................................
. LaTeX info: "xparse/define-command"
. 
. Defining document command \Rconf with arg. spec. 'O{R}' on line 1044.
.................................................
\l_chemmacros_iupac_hyphen_pre_dim=\dimen277
\l_chemmacros_iupac_hyphen_post_dim=\dimen278
\l_chemmacros_iupac_break_dim=\dimen279
.................................................
. LaTeX info: "xparse/define-command"
. 
. Defining document command \DeclareChemLatin with arg. spec. 'mm' on line
. 1224.
.................................................
.................................................
. LaTeX info: "xparse/define-command"
. 
. Defining document command \RenewChemLatin with arg. spec. 'mm' on line 1231.
.................................................
.................................................
. LaTeX info: "xparse/define-command"
. 
. Defining document command \p with arg. spec. 'm' on line 1321.
.................................................
.................................................
. LaTeX info: "xparse/define-command"
. 
. Defining document command \pKa with arg. spec. 'o' on line 1337.
.................................................
.................................................
. LaTeX info: "xparse/define-command"
. 
. Defining document command \pKb with arg. spec. 'o' on line 1347.
.................................................
.................................................
. LaTeX info: "xparse/define-command"
. 
. Defining document command \mech with arg. spec. 'o' on line 1449.
.................................................
\l_chemmacros_ox_number_int=\count294
.................................................
. LaTeX info: "xparse/define-command"
. 
. Defining document command \ox with arg. spec. 'so>{\SplitArgument {1}{,}}m'
. on line 1679.
.................................................
\l_chemmacros_redox_sep_dim=\dimen280
\l_chemmacros_redox_sep_default_dim=\dimen281
\l_chemmacros_redox_dist_dim=\dimen282
.................................................
. LaTeX info: "xparse/define-command"
. 
. Defining document command \OX with arg. spec. '>{\SplitArgument {1}{,}}m' on
. line 1705.
.................................................
.................................................
. LaTeX info: "xparse/define-command"
. 
. Defining document command \redox with arg. spec. '>{\SplitArgument
. {1}{,}}r()ooG{}' on line 1785.
.................................................
.................................................
. LaTeX info: "xparse/define-command"
. 
. Defining document command \DeclareChemNMR with arg. spec. 'mm' on line 1911.
.................................................
.................................................
. LaTeX info: "xparse/define-command"
. 
. Defining document command \RenewChemNMR with arg. spec. 'mm' on line 1922.
.................................................
.................................................
. LaTeX info: "xparse/define-command"
. 
. Defining document command \chemmacros_data:w with arg. spec. 'smo' on line
. 2037.
.................................................
.................................................
. LaTeX info: "xparse/define-environment"
. 
. Defining document environment 'experimental' with arg. spec. 'o' on line
. 2066.
.................................................
\l_chemmacros_mhname_width_dim=\dimen283
.................................................
. LaTeX info: "xparse/define-command"
. 
. Defining document command \mhName with arg. spec. 'omm' on line 2200.
.................................................
\l_chemmacros_phases_space_dim=\dimen284
.................................................
. LaTeX info: "xparse/define-command"
. 
. Defining document command \DeclareChemPhase with arg. spec. 'mom' on line
. 2231.
.................................................
.................................................
. LaTeX info: "xparse/define-command"
. 
. Defining document command \RenewChemPhase with arg. spec. 'mom' on line
. 2244.
.................................................
.................................................
. LaTeX info: "xparse/define-command"
. 
. Defining document command \phase with arg. spec. 'm' on line 2295.
.................................................
.................................................
. LaTeX info: "xparse/define-command"
. 
. Defining document command \AddRxnDesc with arg. spec. 'm' on line 2335.
.................................................
\c@chemmacros_save_reaction=\count295
\c@reaction=\count296
.................................................
. LaTeX info: "xparse/define-command"
. 
. Defining document command \DeclareChemReaction with arg. spec. 'omm' on line
. 2481.
.................................................
.................................................
. LaTeX info: "xparse/define-command"
. 
. Defining document command \State with arg. spec. 'somG{}' on line 2600.
.................................................
.................................................
. LaTeX info: "xparse/define-command"
. 
. Defining document command \newman with arg. spec. 'od()>{\SplitArgument
. {5}{,}}m' on line 2872.
.................................................
.................................................
. LaTeX info: "xparse/define-command"
. 
. Defining document command \orbital with arg. spec. 'om' on line 3553.
.................................................
\l_chemmacros_el_length_dim=\dimen285
.................................................
. LaTeX info: "xparse/define-command"
. 
. Defining document command \chemsetup with arg. spec. 'om' on line 3652.
.................................................
)
(/usr/share/texlive/texmf-dist/tex/latex/units/nicefrac.sty
Package: nicefrac 1998/08/04 v0.9b Nice fractions
\L@UnitsRaiseDisplaystyle=\skip66
\L@UnitsRaiseTextstyle=\skip67
\L@UnitsRaiseScriptstyle=\skip68

(/usr/share/texlive/texmf-dist/tex/latex/base/ifthen.sty
Package: ifthen 2001/05/26 v1.1c Standard LaTeX ifthen package (DPC)
))
\l_chemformula_arrow_head_dim=\dimen286
\l_chemformula_arrow_length_dim=\dimen287
\l_chemformula_arrow_label_offset_dim=\dimen288
\l_chemformula_arrow_shortage_dim=\dimen289
\l_chemformula_arrow_offset_dim=\dimen290
\l_chemformula_compound_sep_dim=\dimen291
\l_chemformula_arrow_yshift_dim=\dimen292
\l_chemformula_arrow_arg_i_box=\box55
\l_chemformula_arrow_arg_ii_box=\box56
.................................................
. LaTeX info: "xparse/define-command"
. 
. Defining document command \DeclareChemArrow with arg. spec. 'mm' on line
. 405.
.................................................
.................................................
. LaTeX info: "xparse/define-command"
. 
. Defining document command \RenewChemArrow with arg. spec. 'mm' on line 412.
.................................................
.................................................
. LaTeX info: "xparse/define-command"
. 
. Defining document command \ShowChemArrow with arg. spec. 'm' on line 418.
.................................................
.................................................
. LaTeX info: "xparse/define-command"
. 
. Defining document command \chemformula_ch_main:w with arg. spec.
. '>{\SplitList { }}m' on line 511.
.................................................
.................................................
. LaTeX info: "xparse/define-command"
. 
. Defining document command \ch with arg. spec. 'om' on line 585.
.................................................
\l_chemformula_name_dim=\dimen293
.................................................
. LaTeX info: "xparse/define-command"
. 
. Defining document command \chemformula_name_cmpd_aux:w with arg. spec.
. 'r()r()' on line 648.
.................................................
\l_chemformula_stoich_space_dim=\dimen294
\l_chemformula_math_space_dim=\dimen295
\l_chemformula_plus_space_dim=\dimen296
\l_chemformula_cdot_space_dim=\dimen297
\l_chemformula_charge_shift_dim=\dimen298
\l_chemformula_subscript_shift_default_dim=\dimen299
\l_chemformula_subscript_shift_dim=\dimen300
\l_chemformula_subscript_shift_additional_dim=\dimen301
\l_chemformula_superscript_shift_default_dim=\dimen302
\l_chemformula_superscript_shift_dim=\dimen303
\l_chemformula_superscript_shift_additional_dim=\dimen304
\l_chemformula_subscript_dim=\dimen305
\l_chemformula_superscript_dim=\dimen306
\l_chemformula_bond_dim=\dimen307
\l_chemformula_count_tokens_int=\count297
\l_chemformula_bond_space_dim=\dimen308
\l_chemformula_subscript_box=\box57
\l_chemformula_superscript_box=\box58
)
(/usr/share/texlive/texmf-dist/tex/latex/braket/braket.sty)
(/usr/share/texlive/texmf-dist/tex/latex/hyperref/hyperref.sty
Package: hyperref 2012/05/13 v6.82q Hypertext links for LaTeX

(/usr/share/texlive/texmf-dist/tex/generic/oberdiek/hobsub-hyperref.sty
Package: hobsub-hyperref 2012/05/28 v1.13 Bundle oberdiek, subset hyperref (HO)


(/usr/share/texlive/texmf-dist/tex/generic/oberdiek/hobsub-generic.sty
Package: hobsub-generic 2012/05/28 v1.13 Bundle oberdiek, subset generic (HO)
Package: hobsub 2012/05/28 v1.13 Construct package bundles (HO)
Package hobsub Info: Skipping package `infwarerr' (already loaded).
Package hobsub Info: Skipping package `ltxcmds' (already loaded).
Package: ifluatex 2010/03/01 v1.3 Provides the ifluatex switch (HO)
Package ifluatex Info: LuaTeX not detected.
Package: ifvtex 2010/03/01 v1.5 Detect VTeX and its facilities (HO)
Package ifvtex Info: VTeX not detected.
Package: intcalc 2007/09/27 v1.1 Expandable calculations with integers (HO)
Package: ifpdf 2011/01/30 v2.3 Provides the ifpdf switch (HO)
Package ifpdf Info: pdfTeX in PDF mode is detected.
Package: etexcmds 2011/02/16 v1.5 Avoid name clashes with e-TeX commands (HO)
Package etexcmds Info: Could not find \expanded.
(etexcmds)             That can mean that you are not using pdfTeX 1.50 or
(etexcmds)             that some package has redefined \expanded.
(etexcmds)             In the latter case, load this package earlier.
Package: kvsetkeys 2012/04/25 v1.16 Key value parser (HO)
Package: kvdefinekeys 2011/04/07 v1.3 Define keys (HO)
Package: pdftexcmds 2011/11/29 v0.20 Utility functions of pdfTeX for LuaTeX (HO
)
Package pdftexcmds Info: LuaTeX not detected.
Package pdftexcmds Info: \pdf@primitive is available.
Package pdftexcmds Info: \pdf@ifprimitive is available.
Package pdftexcmds Info: \pdfdraftmode found.
Package: pdfescape 2011/11/25 v1.13 Implements pdfTeX's escape features (HO)
Package: bigintcalc 2012/04/08 v1.3 Expandable calculations on big integers (HO
)
Package: bitset 2011/01/30 v1.1 Handle bit-vector datatype (HO)
Package: uniquecounter 2011/01/30 v1.2 Provide unlimited unique counter (HO)
)
Package hobsub Info: Skipping package `hobsub' (already loaded).
Package: letltxmacro 2010/09/02 v1.4 Let assignment for LaTeX macros (HO)
Package: hopatch 2012/05/28 v1.2 Wrapper for package hooks (HO)
Package: xcolor-patch 2011/01/30 xcolor patch
Package: atveryend 2011/06/30 v1.8 Hooks at the very end of document (HO)
Package: atbegshi 2011/10/05 v1.16 At begin shipout hook (HO)
Package: refcount 2011/10/16 v3.4 Data extraction from label references (HO)
Package: hycolor 2011/01/30 v1.7 Color options for hyperref/bookmark (HO)
)
(/usr/share/texlive/texmf-dist/tex/generic/ifxetex/ifxetex.sty
Package: ifxetex 2010/09/12 v0.6 Provides ifxetex conditional
)
(/usr/share/texlive/texmf-dist/tex/latex/oberdiek/kvoptions.sty
Package: kvoptions 2011/06/30 v3.11 Key value format for package options (HO)
)
\@linkdim=\dimen309
\Hy@linkcounter=\count298
\Hy@pagecounter=\count299

(/usr/share/texlive/texmf-dist/tex/latex/hyperref/pd1enc.def
File: pd1enc.def 2012/05/13 v6.82q Hyperref: PDFDocEncoding definition (HO)
)
\Hy@SavedSpaceFactor=\count300

(/usr/share/texlive/texmf-dist/tex/latex/latexconfig/hyperref.cfg
File: hyperref.cfg 2002/06/06 v1.2 hyperref configuration of TeXLive
)
Package hyperref Info: Hyper figures OFF on input line 4062.
Package hyperref Info: Link nesting OFF on input line 4067.
Package hyperref Info: Hyper index ON on input line 4070.
Package hyperref Info: Plain pages OFF on input line 4077.
Package hyperref Info: Backreferencing OFF on input line 4082.
Package hyperref Info: Implicit mode ON; LaTeX internals redefined.
Package hyperref Info: Bookmarks ON on input line 4300.
\c@Hy@tempcnt=\count301

(/usr/share/texlive/texmf-dist/tex/latex/url/url.sty
\Urlmuskip=\muskip14
Package: url 2006/04/12  ver 3.3  Verb mode for urls, etc.
)
LaTeX Info: Redefining \url on input line 4653.
\Fld@menulength=\count302
\Field@Width=\dimen310
\Fld@charsize=\dimen311
Package hyperref Info: Hyper figures OFF on input line 5773.
Package hyperref Info: Link nesting OFF on input line 5778.
Package hyperref Info: Hyper index ON on input line 5781.
Package hyperref Info: backreferencing OFF on input line 5788.
Package hyperref Info: Link coloring OFF on input line 5793.
Package hyperref Info: Link coloring with OCG OFF on input line 5798.
Package hyperref Info: PDF/A mode OFF on input line 5803.
LaTeX Info: Redefining \ref on input line 5843.
LaTeX Info: Redefining \pageref on input line 5847.
\Hy@abspage=\count303
\c@Item=\count304
\c@Hfootnote=\count305
)

Package hyperref Message: Driver (autodetected): hpdftex.

(/usr/share/texlive/texmf-dist/tex/latex/hyperref/hpdftex.def
File: hpdftex.def 2012/05/13 v6.82q Hyperref driver for pdfTeX
\Fld@listcount=\count306
\c@bookmark@seq@number=\count307

(/usr/share/texlive/texmf-dist/tex/latex/oberdiek/rerunfilecheck.sty
Package: rerunfilecheck 2011/04/15 v1.7 Rerun checks for auxiliary files (HO)
Package uniquecounter Info: New unique counter `rerunfilecheck' on input line 2
82.
)
\Hy@SectionHShift=\skip69
)
(/usr/share/texlive/texmf-dist/tex/latex/biblatex/biblatex.sty
Package: biblatex 2011/11/13 v1.7 programmable bibliographies

(/usr/share/texlive/texmf-dist/tex/latex/logreq/logreq.sty
Package: logreq 2010/08/04 v1.0 xml request logger
\lrq@indent=\count308

(/usr/share/texlive/texmf-dist/tex/latex/logreq/logreq.def
File: logreq.def 2010/08/04 v1.0 logreq spec v1.0
))
\c@listtotal=\count309
\c@listcount=\count310
\c@liststart=\count311
\c@liststop=\count312
\c@citecount=\count313
\c@citetotal=\count314
\c@multicitecount=\count315
\c@multicitetotal=\count316
\c@instcount=\count317
\c@maxnames=\count318
\c@minnames=\count319
\c@maxitems=\count320
\c@minitems=\count321
\c@citecounter=\count322
\c@savedcitecounter=\count323
\c@uniquelist=\count324
\c@uniquename=\count325
\c@refsection=\count326
\c@refsegment=\count327
\c@maxextrayear=\count328
\c@maxextraalpha=\count329
\c@abbrvpenalty=\count330
\c@highnamepenalty=\count331
\c@lownamepenalty=\count332
\c@maxparens=\count333
\c@parenlevel=\count334
\blx@tempcnta=\count335
\blx@tempcntb=\count336
\blx@tempcntc=\count337
\blx@maxsection=\count338
\blx@maxsegment=\count339
\blx@notetype=\count340
\blx@parenlevel@text=\count341
\blx@parenlevel@foot=\count342
\labelnumberwidth=\skip70
\labelalphawidth=\skip71
\shorthandwidth=\skip72
\biblabelsep=\skip73
\bibitemsep=\skip74
\bibnamesep=\skip75
\bibinitsep=\skip76
\bibparsep=\skip77
\bibhang=\skip78
\blx@auxin=\read3
\blx@auxout=\write4
\c@mincomprange=\count343
\c@maxcomprange=\count344
\c@mincompwidth=\count345
\c@labelname=\count346
\c@savedlabelname=\count347
\c@author=\count348
\c@savedauthor=\count349
\c@shortauthor=\count350
\c@savedshortauthor=\count351
\c@editor=\count352
\c@savededitor=\count353
\c@editora=\count354
\c@savededitora=\count355
\c@editorb=\count356
\c@savededitorb=\count357
\c@editorc=\count358
\c@savededitorc=\count359
\c@shorteditor=\count360
\c@savedshorteditor=\count361
\c@bookauthor=\count362
\c@savedbookauthor=\count363
\c@translator=\count364
\c@savedtranslator=\count365
\c@annotator=\count366
\c@savedannotator=\count367
\c@commentator=\count368
\c@savedcommentator=\count369
\c@introduction=\count370
\c@savedintroduction=\count371
\c@foreword=\count372
\c@savedforeword=\count373
\c@afterword=\count374
\c@savedafterword=\count375
\c@holder=\count376
\c@savedholder=\count377
\c@namea=\count378
\c@savednamea=\count379
\c@nameb=\count380
\c@savednameb=\count381
\c@namec=\count382
\c@savednamec=\count383
\c@institution=\count384
\c@savedinstitution=\count385
\c@language=\count386
\c@savedlanguage=\count387
\c@location=\count388
\c@savedlocation=\count389
\c@organization=\count390
\c@savedorganization=\count391
\c@origlocation=\count392
\c@savedoriglocation=\count393
\c@origpublisher=\count394
\c@savedorigpublisher=\count395
\c@pageref=\count396
\c@savedpageref=\count397
\c@publisher=\count398
\c@savedpublisher=\count399
\c@lista=\count400
\c@savedlista=\count401
\c@listb=\count402
\c@savedlistb=\count403
\c@listc=\count404
\c@savedlistc=\count405
\c@listd=\count406
\c@savedlistd=\count407
\c@liste=\count408
\c@savedliste=\count409
\c@listf=\count410
\c@savedlistf=\count411
Package biblatex Info: Trying to load compatibility code...
Package biblatex Info: ... file 'blx-compat.def' found.

(/usr/share/texlive/texmf-dist/tex/latex/biblatex/blx-compat.def
File: blx-compat.def 2011/11/13 v1.7 biblatex generic compatibility
)
Package biblatex Info: Trying to load generic definitions...
Package biblatex Info: ... file 'biblatex.def' found.

(/usr/share/texlive/texmf-dist/tex/latex/biblatex/biblatex.def
File: biblatex.def 2011/11/13 v1.7 biblatex generic definitions
\c@biburlnumpenalty=\count412
\c@biburlucpenalty=\count413
\c@biburllcpenalty=\count414
\c@smartand=\count415
)
Package biblatex Info: Trying to load bibliography style 'numeric'...
Package biblatex Info: ... file 'numeric.bbx' found.

(/usr/share/texlive/texmf-dist/tex/latex/biblatex/bbx/numeric.bbx
File: numeric.bbx 2011/11/13 v1.7 biblatex bibliography style
Package biblatex Info: Trying to load bibliography style 'standard'...
Package biblatex Info: ... file 'standard.bbx' found.

(/usr/share/texlive/texmf-dist/tex/latex/biblatex/bbx/standard.bbx
File: standard.bbx 2011/11/13 v1.7 biblatex bibliography style
))
Package biblatex Info: Trying to load citation style 'numeric'...
Package biblatex Info: ... file 'numeric.cbx' found.

(/usr/share/texlive/texmf-dist/tex/latex/biblatex/cbx/numeric.cbx
File: numeric.cbx 2011/11/13 v1.7 biblatex citation style
Package biblatex Info: Redefining '\cite'.
Package biblatex Info: Redefining '\parencite'.
Package biblatex Info: Redefining '\footcite'.
Package biblatex Info: Redefining '\footcitetext'.
Package biblatex Info: Redefining '\smartcite'.
Package biblatex Info: Redefining '\textcite'.
Package biblatex Info: Redefining '\supercite'.
Package biblatex Info: Redefining '\cites'.
Package biblatex Info: Redefining '\parencites'.
Package biblatex Info: Redefining '\smartcites'.
)
Package biblatex Info: Trying to load configuration file...
Package biblatex Info: ... file 'biblatex.cfg' found.

(/usr/share/texlive/texmf-dist/tex/latex/biblatex/biblatex.cfg
File: biblatex.cfg 
))
(/usr/share/texlive/texmf-dist/tex/latex/chemmacros/ghsystem.sty
Package: ghsystem 2012/05/18 v3.3b globally harmonised system

(/usr/share/texlive/texmf-dist/tex/latex/tabu/tabu.sty
Package: tabu 2011/02/26 v2.8 - flexible LaTeX tabulars (FC)

(/usr/share/texlive/texmf-dist/tex/latex/varwidth/varwidth.sty
Package: varwidth 2009/03/30 ver 0.92;  Variable-width minipages
\@vwid@box=\box59
\sift@deathcycles=\count416
\@vwid@loff=\dimen312
\@vwid@roff=\dimen313
)
\c@taburow=\count417
\tabu@nbcols=\count418
\tabu@cnt=\count419
\tabu@Xcol=\count420
\tabu@alloc=\count421
\tabu@nested=\count422
\tabu@target=\dimen314
\tabu@spreadtarget=\dimen315
\tabu@naturalX=\dimen316
\tabucolX=\dimen317
\tabu@Xsum=\dimen318
\extrarowdepth=\dimen319
\abovetabulinesep=\dimen320
\belowtabulinesep=\dimen321
\tabustrutrule=\dimen322
\tabu@thebody=\toks39
\tabu@footnotes=\toks40
\tabu@box=\box60
\tabu@arstrutbox=\box61
\tabu@hleads=\box62
\tabu@vleads=\box63
\tabu@cellskip=\skip79
)
(/usr/share/texlive/texmf-dist/tex/latex/tools/longtable.sty
Package: longtable 2004/02/01 v4.11 Multi-page Table package (DPC)
\LTleft=\skip80
\LTright=\skip81
\LTpre=\skip82
\LTpost=\skip83
\LTchunksize=\count423
\LTcapwidth=\dimen323
\LT@head=\box64
\LT@firsthead=\box65
\LT@foot=\box66
\LT@lastfoot=\box67
\LT@cols=\count424
\LT@rows=\count425
\c@LT@tables=\count426
\c@LT@chunks=\count427
\LT@p@ftn=\toks41
)
\l_ghsystem_table_line_sep_dim=\dimen324

(/usr/share/texlive/texmf-dist/tex/latex/chemmacros/language/ghsystem_english.d
ef)
.................................................
. LaTeX info: "xparse/define-command"
. 
. Defining document command \ghs with arg. spec. 'somm' on line 306.
.................................................
.................................................
. LaTeX info: "xparse/define-command"
. 
. Defining document command \ghslistall with arg. spec. 'o' on line 430.
.................................................
.................................................
. LaTeX info: "xparse/define-command"
. 
. Defining document command \ghspic with arg. spec. 'om' on line 499.
.................................................
) (/usr/share/texlive/texmf-dist/tex/latex/tools/xspace.sty
Package: xspace 2009/10/20 v1.13 Space after command names (DPC,MH)
)
Package biblatex Info: Trying to load language 'english'...
Package biblatex Info: ... file 'english.lbx' found.

(/usr/share/texlive/texmf-dist/tex/latex/biblatex/lbx/english.lbx
File: english.lbx 2011/11/13 v1.7 biblatex localization
)

Package biblatex Warning: 'babel' detected but 'csquotes' missing.
(biblatex)                Loading 'csquotes' recommended.

\@quotelevel=\count428
\@quotereset=\count429
(./OllinTutk.aux)
\openout1 = `OllinTutk.aux'.

LaTeX Font Info:    Checking defaults for OML/cmm/m/it on input line 31.
LaTeX Font Info:    ... okay on input line 31.
LaTeX Font Info:    Checking defaults for T1/cmr/m/n on input line 31.
LaTeX Font Info:    ... okay on input line 31.
LaTeX Font Info:    Checking defaults for OT1/cmr/m/n on input line 31.
LaTeX Font Info:    ... okay on input line 31.
LaTeX Font Info:    Checking defaults for OMS/cmsy/m/n on input line 31.
LaTeX Font Info:    ... okay on input line 31.
LaTeX Font Info:    Checking defaults for OMX/cmex/m/n on input line 31.
LaTeX Font Info:    ... okay on input line 31.
LaTeX Font Info:    Checking defaults for U/cmr/m/n on input line 31.
LaTeX Font Info:    ... okay on input line 31.
LaTeX Font Info:    Checking defaults for TS1/cmr/m/n on input line 31.
LaTeX Font Info:    Try loading font information for TS1+cmr on input line 31.
 (/usr/share/texlive/texmf-dist/tex/latex/base/ts1cmr.fd
File: ts1cmr.fd 1999/05/25 v2.5h Standard LaTeX font definitions
)
LaTeX Font Info:    ... okay on input line 31.
LaTeX Font Info:    Checking defaults for PD1/pdf/m/n on input line 31.
LaTeX Font Info:    ... okay on input line 31.

(/usr/share/texlive/texmf-dist/tex/context/base/supp-pdf.mkii
[Loading MPS to PDF converter (version 2006.09.02).]
\scratchcounter=\count430
\scratchdimen=\dimen325
\scratchbox=\box68
\nofMPsegments=\count431
\nofMParguments=\count432
\everyMPshowfont=\toks42
\MPscratchCnt=\count433
\MPscratchDim=\dimen326
\MPnumerator=\count434
\makeMPintoPDFobject=\count435
\everyMPtoPDFconversion=\toks43
) (/usr/share/texlive/texmf-dist/tex/latex/oberdiek/epstopdf-base.sty
Package: epstopdf-base 2010/02/09 v2.5 Base part for package epstopdf

(/usr/share/texlive/texmf-dist/tex/latex/oberdiek/grfext.sty
Package: grfext 2010/08/19 v1.1 Manage graphics extensions (HO)
)
Package grfext Info: Graphics extension search list:
(grfext)             [.png,.pdf,.jpg,.mps,.jpeg,.jbig2,.jb2,.PNG,.PDF,.JPG,.JPE
G,.JBIG2,.JB2,.eps]
(grfext)             \AppendGraphicsExtensions on input line 452.

(/usr/share/texlive/texmf-dist/tex/latex/latexconfig/epstopdf-sys.cfg
File: epstopdf-sys.cfg 2010/07/13 v1.3 Configuration of (r)epstopdf for TeX Liv
e
))
(/usr/share/texmf/tex/latex/beamer/base/translator/dicts/translator-basic-dicti
onary/translator-basic-dictionary-English.dict
Dictionary: translator-basic-dictionary, Language: English 
)
(/usr/share/texlive/texmf-dist/tex/latex/siunitx/config/siunitx-abbreviations.c
fg
File: siunitx-abbreviations.cfg 2012/05/03 v2.5c siunitx: Abbreviated units
) (/usr/share/texlive/texmf-dist/tex/latex/siunitx/config/siunitx-binary.cfg
File: siunitx-binary.cfg 2012/05/03 v2.5c siunitx: Binary units
) ABD: EveryShipout initializing macros
.................................................
. LaTeX info: "xparse/define-command"
. 
. Defining document command \NMR with arg. spec. 'sgd()o' on line 31.
.................................................
\AtBeginShipoutBox=\box69
Package hyperref Info: Link coloring OFF on input line 31.

(/usr/share/texlive/texmf-dist/tex/latex/hyperref/nameref.sty
Package: nameref 2010/04/30 v2.40 Cross-referencing by name of section

(/usr/share/texlive/texmf-dist/tex/generic/oberdiek/gettitlestring.sty
Package: gettitlestring 2010/12/03 v1.4 Cleanup title references (HO)
)
\c@section@level=\count436
)
LaTeX Info: Redefining \ref on input line 31.
LaTeX Info: Redefining \pageref on input line 31.
LaTeX Info: Redefining \nameref on input line 31.

(./OllinTutk.out) (./OllinTutk.out)
\@outlinefile=\write5
\openout5 = `OllinTutk.out'.

Package biblatex Info: Input encoding 'ansinew' detected.
Package biblatex Info: Automatic encoding selection.
(biblatex)             Assuming data encoding 'ansinew'.


Package biblatex Warning: Data encoding is 'ansinew'.
(biblatex)                Use backend=bibtex8 or backend=biber.

\openout4 = `OllinTutk-blx.bib'.

Package biblatex Info: Trying to load bibliographic data...
Package biblatex Info: ... file 'OllinTutk.bbl' not found.
No file OllinTutk.bbl.
Package biblatex Info: Reference section=0 on input line 31.
Package biblatex Info: Reference segment=0 on input line 31.
\c_siunitx_mathsf_int=\count437
LaTeX Font Info:    Try loading font information for U+msa on input line 31.
(/usr/share/texlive/texmf-dist/tex/latex/amsfonts/umsa.fd
File: umsa.fd 2009/06/22 v3.00 AMS symbols A
)
LaTeX Font Info:    Try loading font information for U+msb on input line 31.

(/usr/share/texlive/texmf-dist/tex/latex/amsfonts/umsb.fd
File: umsb.fd 2009/06/22 v3.00 AMS symbols B
)
\c_siunitx_mathtt_int=\count438
 [1

{/var/lib/texmf/fonts/map/pdftex/updmap/pdftex.map}] (./OllinTutk.tocpdfTeX war
ning (ext4): destination with the same identifier (name{page.1}) has been alrea
dy used, duplicate ignored
<to be read again> 
                   \relax 
l.31 ...line {5}Sample Preparation}{32}{chapter.5}
                                                   [1

])
\tf@toc=\write6
\openout6 = `OllinTutk.toc'.

 [2]
Chapter 1.
<../Kuvat/sinileva.png, id=241, 670.505pt x 493.845pt>
File: ../Kuvat/sinileva.png Graphic file (type png)

<use ../Kuvat/sinileva.png>
Package pdftex.def Info: ../Kuvat/sinileva.png used on input line 45.
(pdftex.def)             Requested size: 455.44142pt x 335.4409pt.


LaTeX Warning: Citation 'ymparisto' on page 3 undefined on input line 46.


LaTeX Warning: Citation 'ymparisto' on page 3 undefined on input line 46.


LaTeX Warning: `!h' float specifier changed to `!ht'.


LaTeX Warning: Citation 'helcom' on page 3 undefined on input line 50.

[3

] [4 <../Kuvat/sinileva.png>]

LaTeX Warning: Citation 'samassa' on page 5 undefined on input line 56.

[5]
Chapter 2.

Package hyperref Warning: Token not allowed in a PDF string (PDFDocEncoding):
(hyperref)                removing `\ch' on input line 61.


Package hyperref Warning: Token not allowed in a PDF string (PDFDocEncoding):
(hyperref)                removing `\ch' on input line 61.


LaTeX Warning: Citation 'IronSpeciation' on page 6 undefined on input line 62.


LaTeX Warning: Citation 'FeConcentration' on page 6 undefined on input line 62.



LaTeX Warning: Citation 'SoilErosion' on page 6 undefined on input line 62.


LaTeX Warning: Citation 'SoilErosion' on page 6 undefined on input line 62.


LaTeX Warning: Citation 'FeOxides' on page 6 undefined on input line 64.


LaTeX Warning: Citation 'SoilErosion' on page 6 undefined on input line 64.


LaTeX Warning: Citation 'LigandExchange' on page 6 undefined on input line 66.

[6

]

LaTeX Warning: Citation 'IronFlux' on page 7 undefined on input line 68.


LaTeX Warning: Citation 'SoilErosion' on page 7 undefined on input line 68.


LaTeX Warning: Citation 'SoilErosion' on page 7 undefined on input line 68.


LaTeX Warning: Citation 'Agriculture' on page 7 undefined on input line 70.


LaTeX Warning: Citation 'Ellis1988' on page 7 undefined on input line 70.


LaTeX Warning: Citation 'YOUNG1985434' on page 7 undefined on input line 70.


LaTeX Warning: Citation 'SoilErosion' on page 7 undefined on input line 70.


LaTeX Warning: Citation 'SoilErosion' on page 7 undefined on input line 86.

[7]

LaTeX Warning: Citation 'Fertilization' on page 8 undefined on input line 88.


Package hyperref Warning: Token not allowed in a PDF string (PDFDocEncoding):
(hyperref)                removing `\ch' on input line 92.


Package hyperref Warning: Token not allowed in a PDF string (PDFDocEncoding):
(hyperref)                removing `\ch' on input line 92.


LaTeX Warning: Citation 'LabileCarbon' on page 8 undefined on input line 93.

[8]

LaTeX Warning: Citation 'SoilErosion' on page 9 undefined on input line 98.

<../Kuvat/eutrophication_A.png, id=276, 739.76375pt x 827.09pt>
File: ../Kuvat/eutrophication_A.png Graphic file (type png)

<use ../Kuvat/eutrophication_A.png>
Package pdftex.def Info: ../Kuvat/eutrophication_A.png used on input line 103.
(pdftex.def)             Requested size: 364.35452pt x 407.36pt.


LaTeX Warning: Citation 'SoilErosion' on page 9 undefined on input line 104.


LaTeX Warning: Citation 'SoilErosion' on page 9 undefined on input line 104.


LaTeX Warning: `!h' float specifier changed to `!ht'.

<../Kuvat/eutrophication_B.png, id=278, 597.23125pt x 640.3925pt>
File: ../Kuvat/eutrophication_B.png Graphic file (type png)

<use ../Kuvat/eutrophication_B.png>
Package pdftex.def Info: ../Kuvat/eutrophication_B.png used on input line 111.
(pdftex.def)             Requested size: 364.35452pt x 390.68771pt.


LaTeX Warning: Citation 'SoilErosion' on page 9 undefined on input line 112.


LaTeX Warning: Citation 'SoilErosion' on page 9 undefined on input line 112.


LaTeX Warning: `!h' float specifier changed to `!ht'.

[9] [10 <../Kuvat/eutrophication_A.png>]

LaTeX Warning: Citation 'Vivianite' on page 11 undefined on input line 128.

[11 <../Kuvat/eutrophication_B.png>]

LaTeX Warning: Citation 'Burial' on page 12 undefined on input line 130.


LaTeX Warning: Citation 'Diagenetic' on page 12 undefined on input line 130.


LaTeX Warning: Citation 'JILBERT2013155' on page 12 undefined on input line 130
.


LaTeX Warning: Citation 'Vivianite' on page 12 undefined on input line 130.

<../Kuvat/vivianiitti.png, id=296, 739.76375pt x 653.44125pt>
File: ../Kuvat/vivianiitti.png Graphic file (type png)

<use ../Kuvat/vivianiitti.png>
Package pdftex.def Info: ../Kuvat/vivianiitti.png used on input line 134.
(pdftex.def)             Requested size: 364.35452pt x 321.83418pt.


LaTeX Warning: Citation 'Vivianite' on page 12 undefined on input line 135.


LaTeX Warning: `!h' float specifier changed to `!ht'.

[12] [13 <../Kuvat/vivianiitti.png>]
Chapter 3.

LaTeX Warning: Citation 'Fundamentals' on page 14 undefined on input line 150.


LaTeX Warning: Citation 'Elements' on page 14 undefined on input line 154.

[14

]

LaTeX Warning: Citation 'Elements' on page 15 undefined on input line 161.

[15] <../Kuvat/XASFig.png, id=324, 181.15047pt x 130.87051pt>
File: ../Kuvat/XASFig.png Graphic file (type png)

<use ../Kuvat/XASFig.png>
Package pdftex.def Info: ../Kuvat/XASFig.png used on input line 197.
(pdftex.def)             Requested size: 455.44142pt x 329.07451pt.


LaTeX Warning: Citation 'wikipedia' on page 16 undefined on input line 198.


LaTeX Warning: `!h' float specifier changed to `!ht'.

<../Kuvat/absorption1.png, id=326, 574.145pt x 399.4925pt>
File: ../Kuvat/absorption1.png Graphic file (type png)

<use ../Kuvat/absorption1.png>
Package pdftex.def Info: ../Kuvat/absorption1.png used on input line 232.
(pdftex.def)             Requested size: 364.35452pt x 253.52252pt.


LaTeX Warning: Citation 'Fundamentals' on page 16 undefined on input line 233.

[16]

LaTeX Warning: `!h' float specifier changed to `!ht'.

<../Kuvat/absorption2.png, id=336, 552.0625pt x 410.53375pt>
File: ../Kuvat/absorption2.png Graphic file (type png)

<use ../Kuvat/absorption2.png>
Package pdftex.def Info: ../Kuvat/absorption2.png used on input line 241.
(pdftex.def)             Requested size: 364.35452pt x 270.95937pt.


LaTeX Warning: Citation 'Fundamentals' on page 17 undefined on input line 242.


LaTeX Warning: Citation 'Fundamentals' on page 17 undefined on input line 242.


LaTeX Warning: `!h' float specifier changed to `!ht'.

[17 <../Kuvat/XASFig.png (PNG copy)>]

LaTeX Warning: Reference `fig:typicalxas' on page 18 undefined on input line 25
1.

[18 <../Kuvat/absorption1.png>] [19 <../Kuvat/absorption2.png>]
<../Kuvat/XANESparts.png, id=365, 635.37375pt x 409.53pt>
File: ../Kuvat/XANESparts.png Graphic file (type png)

<use ../Kuvat/XANESparts.png>
Package pdftex.def Info: ../Kuvat/XANESparts.png used on input line 299.
(pdftex.def)             Requested size: 455.44142pt x 293.56158pt.
 [20 <../Kuvat/XANESparts.png>] [21]
<../Kuvat/multiplescattering.png, id=380, 935.495pt x 196.735pt>
File: ../Kuvat/multiplescattering.png Graphic file (type png)

<use ../Kuvat/multiplescattering.png>
Package pdftex.def Info: ../Kuvat/multiplescattering.png used on input line 327
.
(pdftex.def)             Requested size: 455.44142pt x 95.77957pt.
 [22 <../Kuvat/multiplescattering.png>]
<../Kuvat/FeOxidation.png, id=385, 501.875pt x 295.1025pt>
File: ../Kuvat/FeOxidation.png Graphic file (type png)

<use ../Kuvat/FeOxidation.png>
Package pdftex.def Info: ../Kuvat/FeOxidation.png used on input line 343.
(pdftex.def)             Requested size: 455.44142pt x 267.81421pt.


LaTeX Warning: Citation 'Fundamentals' on page 23 undefined on input line 344.


LaTeX Warning: Citation 'Fundamentals' on page 23 undefined on input line 344.

<../Kuvat/pre-edge.png, id=389, 314.17375pt x 373.395pt>
File: ../Kuvat/pre-edge.png Graphic file (type png)

<use ../Kuvat/pre-edge.png>
Package pdftex.def Info: ../Kuvat/pre-edge.png used on input line 355.
(pdftex.def)             Requested size: 273.26762pt x 324.79405pt.
 [23 <../Kuvat/FeOxidation.png>] [24 <../Kuvat/pre-edge.png>] [25] [26]
Chapter 4.
<../Kuvat/helxasSetup.png, id=410, 404.51125pt x 317.185pt>
File: ../Kuvat/helxasSetup.png Graphic file (type png)

<use ../Kuvat/helxasSetup.png>
Package pdftex.def Info: ../Kuvat/helxasSetup.png used on input line 391.
(pdftex.def)             Requested size: 364.35452pt x 285.70099pt.


LaTeX Warning: `!h' float specifier changed to `!ht'.


LaTeX Warning: Citation 'AnalyzerCrystal' on page 27 undefined on input line 40
2.

[27

] [28 <../Kuvat/helxasSetup.png>]
<../Kuvat/cad_setup.png, id=423, 792.9625pt x 284.06125pt>
File: ../Kuvat/cad_setup.png Graphic file (type png)

<use ../Kuvat/cad_setup.png>
Package pdftex.def Info: ../Kuvat/cad_setup.png used on input line 431.
(pdftex.def)             Requested size: 455.44142pt x 163.15622pt.


LaTeX Warning: `!h' float specifier changed to `!ht'.

[29] <../Kuvat/vaihtaja.png, id=432, 769.87625pt x 517.935pt>
File: ../Kuvat/vaihtaja.png Graphic file (type png)

<use ../Kuvat/vaihtaja.png>
Package pdftex.def Info: ../Kuvat/vaihtaja.png used on input line 445.
(pdftex.def)             Requested size: 364.35452pt x 245.12863pt.


LaTeX Warning: `!h' float specifier changed to `!ht'.

[30 <../Kuvat/cad_setup.png>] [31 <../Kuvat/vaihtaja.png>]
Chapter 5.
[32

] <../Kuvat/JellyTest.png, id=451, 839.0547pt x 519.6213pt>
File: ../Kuvat/JellyTest.png Graphic file (type png)

<use ../Kuvat/JellyTest.png>
Package pdftex.def Info: ../Kuvat/JellyTest.png used on input line 480.
(pdftex.def)             Requested size: 455.44142pt x 282.05814pt.
 [33 <../Kuvat/JellyTest.png>] [34]
Chapter 6.
<../Kuvat/Dry_Soil_Samples1.png, id=463, 894.7026pt x 596.2275pt>
File: ../Kuvat/Dry_Soil_Samples1.png Graphic file (type png)

<use ../Kuvat/Dry_Soil_Samples1.png>
Package pdftex.def Info: ../Kuvat/Dry_Soil_Samples1.png used on input line 512.

(pdftex.def)             Requested size: 455.44142pt x 303.50795pt.
 [35

] [36 <../Kuvat/Dry_Soil_Samples1.png>] <../Kuvat/dry_soil_samples_all.png, id=
480, 990.8217pt x 621.522pt>
File: ../Kuvat/dry_soil_samples_all.png Graphic file (type png)

<use ../Kuvat/dry_soil_samples_all.png>
Package pdftex.def Info: ../Kuvat/dry_soil_samples_all.png used on input line 5
23.
(pdftex.def)             Requested size: 455.44142pt x 285.68547pt.

<../Kuvat/Sulfideja/wet_noC.png, id=484, 1214.136pt x 655.4889pt>
File: ../Kuvat/Sulfideja/wet_noC.png Graphic file (type png)

<use ../Kuvat/Sulfideja/wet_noC.png>
Package pdftex.def Info: ../Kuvat/Sulfideja/wet_noC.png used on input line 535.

(pdftex.def)             Requested size: 455.44142pt x 245.87775pt.


LaTeX Warning: `!h' float specifier changed to `!ht'.

<../Kuvat/Sulfideja/wetC.png, id=485, 1214.136pt x 655.4889pt>
File: ../Kuvat/Sulfideja/wetC.png Graphic file (type png)

<use ../Kuvat/Sulfideja/wetC.png>
Package pdftex.def Info: ../Kuvat/Sulfideja/wetC.png used on input line 542.
(pdftex.def)             Requested size: 455.44142pt x 245.87775pt.


LaTeX Warning: `!h' float specifier changed to `!ht'.

<../Kuvat/Sulfideja/wetOthers.png, id=486, 1214.136pt x 655.4889pt>
File: ../Kuvat/Sulfideja/wetOthers.png Graphic file (type png)

<use ../Kuvat/Sulfideja/wetOthers.png>
Package pdftex.def Info: ../Kuvat/Sulfideja/wetOthers.png used on input line 54
9.
(pdftex.def)             Requested size: 455.44142pt x 245.87775pt.


LaTeX Warning: `!h' float specifier changed to `!ht'.

[37 <../Kuvat/dry_soil_samples_all.png>]
<../Kuvat/Sulfideja/M1_Fe2O3.png, id=497, 1214.136pt x 655.4889pt>
File: ../Kuvat/Sulfideja/M1_Fe2O3.png Graphic file (type png)

<use ../Kuvat/Sulfideja/M1_Fe2O3.png>
Package pdftex.def Info: ../Kuvat/Sulfideja/M1_Fe2O3.png used on input line 562
.
(pdftex.def)             Requested size: 409.89449pt x 221.29297pt.
 [38 <../Kuvat/Sulfideja/wet_noC.png>]

LaTeX Warning: `!h' float specifier changed to `!ht'.

<../Kuvat/Sulfideja/M2_Fe2O3.png, id=503, 1214.136pt x 655.4889pt>
File: ../Kuvat/Sulfideja/M2_Fe2O3.png Graphic file (type png)

<use ../Kuvat/Sulfideja/M2_Fe2O3.png>
Package pdftex.def Info: ../Kuvat/Sulfideja/M2_Fe2O3.png used on input line 569
.
(pdftex.def)             Requested size: 409.89449pt x 221.29297pt.


LaTeX Warning: `!h' float specifier changed to `!ht'.

<../Kuvat/Sulfideja/M3_Fe2O3.png, id=504, 1214.136pt x 655.4889pt>
File: ../Kuvat/Sulfideja/M3_Fe2O3.png Graphic file (type png)

<use ../Kuvat/Sulfideja/M3_Fe2O3.png>
Package pdftex.def Info: ../Kuvat/Sulfideja/M3_Fe2O3.png used on input line 576
.
(pdftex.def)             Requested size: 409.89449pt x 221.29297pt.


LaTeX Warning: `!h' float specifier changed to `!ht'.

<../Kuvat/Sulfideja/M4_Fe2O3.png, id=505, 1214.136pt x 655.4889pt>
File: ../Kuvat/Sulfideja/M4_Fe2O3.png Graphic file (type png)

<use ../Kuvat/Sulfideja/M4_Fe2O3.png>
Package pdftex.def Info: ../Kuvat/Sulfideja/M4_Fe2O3.png used on input line 583
.
(pdftex.def)             Requested size: 409.89449pt x 221.29297pt.


LaTeX Warning: `!h' float specifier changed to `!ht'.

<../Kuvat/Sulfideja/M5_noC.png, id=506, 1214.136pt x 655.4889pt>
File: ../Kuvat/Sulfideja/M5_noC.png Graphic file (type png)

<use ../Kuvat/Sulfideja/M5_noC.png>
Package pdftex.def Info: ../Kuvat/Sulfideja/M5_noC.png used on input line 590.
(pdftex.def)             Requested size: 409.89449pt x 221.29297pt.


LaTeX Warning: `!h' float specifier changed to `!ht'.


LaTeX Warning: Citation 'FDMNES' on page 39 undefined on input line 595.

<../Kuvat/mineral_spectra.png, id=508, 641.7576pt x 374.3586pt>
File: ../Kuvat/mineral_spectra.png Graphic file (type png)

<use ../Kuvat/mineral_spectra.png>
Package pdftex.def Info: ../Kuvat/mineral_spectra.png used on input line 599.
(pdftex.def)             Requested size: 455.44142pt x 265.6765pt.


LaTeX Warning: `!h' float specifier changed to `!ht'.


LaTeX Warning: Citation 'VivSpectra' on page 39 undefined on input line 603.


LaTeX Warning: Reference `' on page 39 undefined on input line 603.

<../Kuvat/vivianiitti_spectra.png, id=509, 284.39583pt x 187.03209pt>
File: ../Kuvat/vivianiitti_spectra.png Graphic file (type png)

<use ../Kuvat/vivianiitti_spectra.png>
Package pdftex.def Info: ../Kuvat/vivianiitti_spectra.png used on input line 60
7.
(pdftex.def)             Requested size: 455.44142pt x 299.54pt.


LaTeX Warning: Citation 'VivSpectra' on page 39 undefined on input line 608.


LaTeX Warning: Citation 'VivSpectra' on page 39 undefined on input line 608.


LaTeX Warning: `!h' float specifier changed to `!ht'.

[39 <../Kuvat/Sulfideja/wetC.png>]
<../Kuvat/Sulfideja/M1_cauchy.png, id=522, 1214.136pt x 655.4889pt>
File: ../Kuvat/Sulfideja/M1_cauchy.png Graphic file (type png)

<use ../Kuvat/Sulfideja/M1_cauchy.png>
Package pdftex.def Info: ../Kuvat/Sulfideja/M1_cauchy.png used on input line 61
7.
(pdftex.def)             Requested size: 409.89449pt x 221.29297pt.


LaTeX Warning: `!h' float specifier changed to `!ht'.

<../Kuvat/Sulfideja/M2_cauchy.png, id=523, 1214.136pt x 655.4889pt>
File: ../Kuvat/Sulfideja/M2_cauchy.png Graphic file (type png)

<use ../Kuvat/Sulfideja/M2_cauchy.png>
Package pdftex.def Info: ../Kuvat/Sulfideja/M2_cauchy.png used on input line 62
4.
(pdftex.def)             Requested size: 409.89449pt x 221.29297pt.


LaTeX Warning: `!h' float specifier changed to `!ht'.

<../Kuvat/Sulfideja/M4_cauchy.png, id=524, 1209.0771pt x 652.5981pt>
File: ../Kuvat/Sulfideja/M4_cauchy.png Graphic file (type png)

<use ../Kuvat/Sulfideja/M4_cauchy.png>
Package pdftex.def Info: ../Kuvat/Sulfideja/M4_cauchy.png used on input line 63
1.
(pdftex.def)             Requested size: 409.89449pt x 221.23315pt.


LaTeX Warning: `!h' float specifier changed to `!ht'.

<../Kuvat/Sulfideja/M5_cauchy.png, id=525, 1209.0771pt x 652.5981pt>
File: ../Kuvat/Sulfideja/M5_cauchy.png Graphic file (type png)

<use ../Kuvat/Sulfideja/M5_cauchy.png>
Package pdftex.def Info: ../Kuvat/Sulfideja/M5_cauchy.png used on input line 63
8.
(pdftex.def)             Requested size: 409.89449pt x 221.23315pt.


LaTeX Warning: `!h' float specifier changed to `!ht'.

<../Kuvat/Sulfideja/M3_alustava.png, id=527, 723.4227pt x 500.1084pt>
File: ../Kuvat/Sulfideja/M3_alustava.png Graphic file (type png)

<use ../Kuvat/Sulfideja/M3_alustava.png>
Package pdftex.def Info: ../Kuvat/Sulfideja/M3_alustava.png used on input line 
646.
(pdftex.def)             Requested size: 455.44142pt x 314.8563pt.


LaTeX Warning: `!h' float specifier changed to `!ht'.

[40 <../Kuvat/Sulfideja/wetOthers.png>]

LaTeX Warning: Text page 41 contains only floats.

[41 <../Kuvat/Sulfideja/M1_Fe2O3.png> <../Kuvat/Sulfideja/M2_Fe2O3.png>]

LaTeX Warning: Text page 42 contains only floats.

[42 <../Kuvat/Sulfideja/M3_Fe2O3.png> <../Kuvat/Sulfideja/M4_Fe2O3.png>]
<../Kuvat/Sulfideja/M1C0S0b.png, id=560, 1214.136pt x 655.4889pt>
File: ../Kuvat/Sulfideja/M1C0S0b.png Graphic file (type png)

<use ../Kuvat/Sulfideja/M1C0S0b.png>
Package pdftex.def Info: ../Kuvat/Sulfideja/M1C0S0b.png used on input line 659.

(pdftex.def)             Requested size: 409.89449pt x 221.29297pt.


LaTeX Warning: `!h' float specifier changed to `!ht'.

<../Kuvat/Sulfideja/M5C0S1a.png, id=561, 1214.136pt x 655.4889pt>
File: ../Kuvat/Sulfideja/M5C0S1a.png Graphic file (type png)

<use ../Kuvat/Sulfideja/M5C0S1a.png>
Package pdftex.def Info: ../Kuvat/Sulfideja/M5C0S1a.png used on input line 666.

(pdftex.def)             Requested size: 409.89449pt x 221.29297pt.


LaTeX Warning: `!h' float specifier changed to `!ht'.

<../Kuvat/Sulfideja/M1C1S0b.png, id=562, 1214.136pt x 655.4889pt>
File: ../Kuvat/Sulfideja/M1C1S0b.png Graphic file (type png)

<use ../Kuvat/Sulfideja/M1C1S0b.png>
Package pdftex.def Info: ../Kuvat/Sulfideja/M1C1S0b.png used on input line 673.

(pdftex.def)             Requested size: 409.89449pt x 221.29297pt.


LaTeX Warning: `!h' float specifier changed to `!ht'.

<../Kuvat/Sulfideja/M5C1S0b.png, id=563, 1214.136pt x 655.4889pt>
File: ../Kuvat/Sulfideja/M5C1S0b.png Graphic file (type png)

<use ../Kuvat/Sulfideja/M5C1S0b.png>
Package pdftex.def Info: ../Kuvat/Sulfideja/M5C1S0b.png used on input line 680.

(pdftex.def)             Requested size: 409.89449pt x 221.29297pt.


LaTeX Warning: `!h' float specifier changed to `!ht'.

[43 <../Kuvat/Sulfideja/M5_noC.png>] [44 <../Kuvat/mineral_spectra.png>]
[45 <../Kuvat/vivianiitti_spectra.png>] [46 <../Kuvat/Sulfideja/M1_cauchy.png> 
<../Kuvat/Sulfideja/M2_cauchy.png>] [47 <../Kuvat/Sulfideja/M4_cauchy.png> <../
Kuvat/Sulfideja/M5_cauchy.png>] [48 <../Kuvat/Sulfideja/M3_alustava.png>]
[49 <../Kuvat/Sulfideja/M1C0S0b.png> <../Kuvat/Sulfideja/M5C0S1a.png>] [50 <../
Kuvat/Sulfideja/M1C1S0b.png> <../Kuvat/Sulfideja/M5C1S0b.png>]
Chapter 7.
[51

]

LaTeX Warning: Empty bibliography on input line 700.

Package atveryend Info: Empty hook `BeforeClearDocument' on input line 783.
[52]
Package atveryend Info: Empty hook `AfterLastShipout' on input line 783.
 (./OllinTutk.aux)
Package atveryend Info: Executing hook `AtVeryEndDocument' on input line 783.
Package atveryend Info: Executing hook `AtEndAfterFileList' on input line 783.
Package rerunfilecheck Info: File `OllinTutk.out' has not changed.
(rerunfilecheck)             Checksum: E0C9FCD926B5E09F00C332ECD545E5A2;2922.


LaTeX Warning: There were undefined references.


Package biblatex Warning: Please (re)run BibTeX on the file(s):
(biblatex)                OllinTutk
(biblatex)                and rerun LaTeX afterwards.

Package logreq Info: Writing requests to 'OllinTutk.run.xml'.
\openout1 = `OllinTutk.run.xml'.

 ) 
Here is how much of TeX's memory you used:
 32219 strings out of 493481
 642795 string characters out of 3143393
 736332 words of memory out of 3000000
 34784 multiletter control sequences out of 15000+200000
 33585 words of font info for 99 fonts, out of 3000000 for 9000
 965 hyphenation exceptions out of 8191
 70i,13n,59p,1401b,2115s stack positions out of 5000i,500n,10000p,200000b,50000s
{/usr/share/texmf/fonts/enc/dvips/cm-super/cm-super-t1.enc}{/usr/share/texmf/
fonts/enc/dvips/cm-super/cm-super-ts1.enc}</usr/share/texlive/texmf-dist/fonts/
type1/public/amsfonts/cm/cmbx12.pfb></usr/share/texlive/texmf-dist/fonts/type1/
public/amsfonts/cm/cmex10.pfb></usr/share/texlive/texmf-dist/fonts/type1/public
/amsfonts/cm/cmmi12.pfb></usr/share/texlive/texmf-dist/fonts/type1/public/amsfo
nts/cm/cmmi6.pfb></usr/share/texlive/texmf-dist/fonts/type1/public/amsfonts/cm/
cmmi8.pfb></usr/share/texlive/texmf-dist/fonts/type1/public/amsfonts/cm/cmr12.p
fb></usr/share/texlive/texmf-dist/fonts/type1/public/amsfonts/cm/cmr6.pfb></usr
/share/texlive/texmf-dist/fonts/type1/public/amsfonts/cm/cmr8.pfb></usr/share/t
exlive/texmf-dist/fonts/type1/public/amsfonts/cm/cmsy10.pfb></usr/share/texlive
/texmf-dist/fonts/type1/public/amsfonts/cm/cmsy8.pfb></usr/share/texlive/texmf-
dist/fonts/type1/public/amsfonts/symbols/msam10.pfb></usr/share/texlive/texmf-d
ist/fonts/type1/public/amsfonts/symbols/msbm10.pfb></usr/share/texmf/fonts/type
1/public/cm-super/sfbx1200.pfb></usr/share/texmf/fonts/type1/public/cm-super/sf
bx1440.pfb></usr/share/texmf/fonts/type1/public/cm-super/sfbx1728.pfb></usr/sha
re/texmf/fonts/type1/public/cm-super/sfbx2488.pfb></usr/share/texmf/fonts/type1
/public/cm-super/sfrm0800.pfb></usr/share/texmf/fonts/type1/public/cm-super/sfr
m1200.pfb></usr/share/texmf/fonts/type1/public/cm-super/sfrm1440.pfb></usr/shar
e/texmf/fonts/type1/public/cm-super/sfrm2074.pfb></usr/share/texmf/fonts/type1/
public/cm-super/sfti1200.pfb>
Output written on OllinTutk.pdf (53 pages, 4038384 bytes).
PDF statistics:
 730 PDF objects out of 1000 (max. 8388607)
 588 compressed objects within 6 object streams
 155 named destinations out of 1000 (max. 500000)
 537 words of extra memory for PDF output out of 10000 (max. 10000000)

