\BOOKMARK [0][-]{chapter.1}{Introduction}{}% 1
\BOOKMARK [0][-]{chapter.2}{Phosphorus and Iron Cycling in the Aquatic System }{}% 2
\BOOKMARK [1][-]{section.2.1}{Soil as a Carrier of Fe and P}{chapter.2}% 3
\BOOKMARK [1][-]{section.2.2}{The Role of Sediment}{chapter.2}% 4
\BOOKMARK [1][-]{section.2.3}{The Effects of C/Fe Ratio}{chapter.2}% 5
\BOOKMARK [1][-]{section.2.4}{The Effects of Eroded Soil on Eutrophication}{chapter.2}% 6
\BOOKMARK [1][-]{section.2.5}{Vivianite}{chapter.2}% 7
\BOOKMARK [1][-]{section.2.6}{The Sediment as a Research Interest}{chapter.2}% 8
\BOOKMARK [0][-]{chapter.3}{X-ray Absorption Spectroscopy}{}% 9
\BOOKMARK [1][-]{section.3.1}{X-ray Absorption and Fluorescence}{chapter.3}% 10
\BOOKMARK [1][-]{section.3.2}{Theoretical Description of XAS}{chapter.3}% 11
\BOOKMARK [2][-]{subsection.3.2.1}{EXAFS}{section.3.2}% 12
\BOOKMARK [1][-]{section.3.3}{The XANES Section of the Spectrum}{chapter.3}% 13
\BOOKMARK [2][-]{subsection.3.3.1}{Multiple Scattering Events}{section.3.3}% 14
\BOOKMARK [2][-]{subsection.3.3.2}{Oxidation Number}{section.3.3}% 15
\BOOKMARK [2][-]{subsection.3.3.3}{The Pre-edge}{section.3.3}% 16
\BOOKMARK [2][-]{subsection.3.3.4}{Multi-Electron Transitions}{section.3.3}% 17
\BOOKMARK [1][-]{section.3.4}{Measuring the Transmission.}{chapter.3}% 18
\BOOKMARK [0][-]{chapter.4}{HelXAS}{}% 19
\BOOKMARK [1][-]{section.4.1}{Setup}{chapter.4}% 20
\BOOKMARK [2][-]{subsection.4.1.1}{X-ray Source}{section.4.1}% 21
\BOOKMARK [2][-]{subsection.4.1.2}{Monochromators}{section.4.1}% 22
\BOOKMARK [2][-]{subsection.4.1.3}{Detectors}{section.4.1}% 23
\BOOKMARK [2][-]{subsection.4.1.4}{Motors and movements}{section.4.1}% 24
\BOOKMARK [2][-]{subsection.4.1.5}{Preparations for Anaerobic Samples}{section.4.1}% 25
\BOOKMARK [2][-]{subsection.4.1.6}{Background Noise}{section.4.1}% 26
\BOOKMARK [2][-]{subsection.4.1.7}{Measurement Procedure}{section.4.1}% 27
\BOOKMARK [0][-]{chapter.5}{Sample Preparation}{}% 28
\BOOKMARK [1][-]{section.5.1}{Reference Samples}{chapter.5}% 29
\BOOKMARK [1][-]{section.5.2}{Samples}{chapter.5}% 30
\BOOKMARK [2][-]{subsection.5.2.1}{Soil Samples}{section.5.2}% 31
\BOOKMARK [2][-]{subsection.5.2.2}{Jellys}{section.5.2}% 32
\BOOKMARK [2][-]{subsection.5.2.3}{Anaerobic Jellys}{section.5.2}% 33
\BOOKMARK [2][-]{subsection.5.2.4}{The Effects of Agar}{section.5.2}% 34
\BOOKMARK [0][-]{chapter.6}{Results and Analysis}{}% 35
\BOOKMARK [1][-]{section.6.1}{Analysis}{chapter.6}% 36
\BOOKMARK [2][-]{subsection.6.1.1}{Data Reduction}{section.6.1}% 37
\BOOKMARK [2][-]{subsection.6.1.2}{Curve fitting}{section.6.1}% 38
\BOOKMARK [1][-]{section.6.2}{Measurement results}{chapter.6}% 39
\BOOKMARK [2][-]{subsection.6.2.1}{Dry Soil Samples}{section.6.2}% 40
\BOOKMARK [2][-]{subsection.6.2.2}{Wet Samples After 24 Hours}{section.6.2}% 41
\BOOKMARK [2][-]{subsection.6.2.3}{Anaerobic Wet Samples}{section.6.2}% 42
\BOOKMARK [0][-]{chapter.7}{Conclusion}{}% 43
